<?xml version="1.0" encoding="utf-8"?><testsuites name="pytest tests"><testsuite name="pytest" errors="0" failures="0" skipped="0" tests="26" time="8.632" timestamp="2026-03-11T21:44:05.829156+00:00" hostname="agent-env-273cc919-abcf-4024-b6eb-bf2c2ba4785d"><testcase classname="tests.test_admin_api.TestAdminAuth" name="test_login_success" time="0.683" /><testcase classname="tests.test_admin_api.TestAdminAuth" name="test_login_invalid_credentials" time="0.356" /><testcase classname="tests.test_admin_api.TestAdminAuth" name="test_me_endpoint_authenticated" time="0.510" /><testcase classname="tests.test_admin_api.TestAdminAuth" name="test_me_endpoint_no_token" time="0.115" /><testcase classname="tests.test_admin_api.TestAdminPages" name="test_list_pages" time="0.135" /><testcase classname="tests.test_admin_api.TestAdminPages" name="test_create_page" time="0.135" /><testcase classname="tests.test_admin_api.TestAdminPages" name="test_get_page" time="0.132" /><testcase classname="tests.test_admin_api.TestAdminPages" name="test_update_page" time="0.155" /><testcase classname="tests.test_admin_api.TestAdminPages" name="test_toggle_status" time="0.120" /><testcase classname="tests.test_admin_api.TestAdminPages" name="test_delete_page" time="0.128" /><testcase classname="tests.test_admin_api.TestAdminPlaces" name="test_list_places" time="0.136" /><testcase classname="tests.test_admin_api.TestAdminPlaces" name="test_create_place" time="0.173" /><testcase classname="tests.test_admin_api.TestAdminPlaces" name="test_get_place" time="0.116" /><testcase classname="tests.test_admin_api.TestAdminPlaces" name="test_toggle_place_status" time="0.131" /><testcase classname="tests.test_admin_api.TestAdminPlaces" name="test_delete_place" time="0.107" /><testcase classname="tests.test_admin_api.TestAdminTrustBlocks" name="test_list_trust_blocks" time="1.345" /><testcase classname="tests.test_admin_api.TestAdminTrustBlocks" name="test_create_trust_block" time="0.131" /><testcase classname="tests.test_admin_api.TestAdminTrustBlocks" name="test_toggle_trust_block" time="0.156" /><testcase classname="tests.test_admin_api.TestAdminTrustBlocks" name="test_delete_trust_block" time="0.114" /><testcase classname="tests.test_admin_api.TestAdminFAQs" name="test_list_faqs" time="0.097" /><testcase classname="tests.test_admin_api.TestAdminFAQs" name="test_create_faq" time="0.181" /><testcase classname="tests.test_admin_api.TestAdminFAQs" name="test_delete_faq" time="2.702" /><testcase classname="tests.test_admin_api.TestAdminHomepage" name="test_get_homepage_config" time="0.132" /><testcase classname="tests.test_admin_api.TestAdminHomepage" name="test_update_homepage_config" time="0.128" /><testcase classname="tests.test_admin_api.TestAdminDashboard" name="test_get_stats" time="0.128" /><testcase classname="tests.test_admin_api.TestAdminSEO" name="test_seo_overview" time="0.189" /></testsuite></testsuites>