<?xml version="1.0" encoding="utf-8"?><testsuites name="pytest tests"><testsuite name="pytest" errors="0" failures="0" skipped="0" tests="9" time="8.741" timestamp="2026-03-28T09:42:09.932426+00:00" hostname="agent-env-a7aacbf5-a15f-4dc4-9707-245dd2e006ca"><testcase classname="backend.tests.test_ai_booking.TestAIBookingParse" name="test_health_check" time="0.289" /><testcase classname="backend.tests.test_ai_booking.TestAIBookingParse" name="test_normal_booking_text_french" time="2.460" /><testcase classname="backend.tests.test_ai_booking.TestAIBookingParse" name="test_normal_booking_text_english" time="1.262" /><testcase classname="backend.tests.test_ai_booking.TestAIBookingParse" name="test_empty_text" time="0.099" /><testcase classname="backend.tests.test_ai_booking.TestAIBookingParse" name="test_short_text" time="0.102" /><testcase classname="backend.tests.test_ai_booking.TestAIBookingParse" name="test_ambiguous_text" time="0.980" /><testcase classname="backend.tests.test_ai_booking.TestAIBookingParse" name="test_non_transfer_text" time="1.115" /><testcase classname="backend.tests.test_ai_booking.TestAIBookingParse" name="test_response_structure_complete" time="1.051" /><testcase classname="backend.tests.test_ai_booking.TestAIBookingParse" name="test_airport_code_expansion" time="1.210" /></testsuite></testsuites>