<?xml version="1.0" encoding="utf-8"?><testsuites name="pytest tests"><testsuite name="pytest" errors="0" failures="0" skipped="0" tests="12" time="0.906" timestamp="2026-06-14T18:08:30.366004+00:00" hostname="agent-env-a7aacbf5-a15f-4dc4-9707-245dd2e006ca"><testcase classname="backend.tests.test_blog_webhook.TestBlogWebhookCreate" name="test_create_english_article" time="0.268" /><testcase classname="backend.tests.test_blog_webhook.TestBlogWebhookCreate" name="test_create_spanish_article" time="0.049" /><testcase classname="backend.tests.test_blog_webhook.TestBlogWebhookCreate" name="test_idempotent_update_same_id" time="0.093" /><testcase classname="backend.tests.test_blog_webhook.TestBlogWebhookCreate" name="test_invalid_slug_returns_400" time="0.043" /><testcase classname="backend.tests.test_blog_webhook.TestBlogWebhookCreate" name="test_missing_required_field_returns_422" time="0.043" /><testcase classname="backend.tests.test_blog_webhook.TestBlogArticlesList" name="test_list_returns_articles_without_heavy_fields" time="0.044" /><testcase classname="backend.tests.test_blog_webhook.TestBlogArticlesList" name="test_list_filtered_by_language_es" time="0.051" /><testcase classname="backend.tests.test_blog_webhook.TestBlogArticlesList" name="test_list_filtered_by_language_en" time="0.045" /><testcase classname="backend.tests.test_blog_webhook.TestBlogArticleDetail" name="test_get_full_article" time="0.044" /><testcase classname="backend.tests.test_blog_webhook.TestBlogArticleDetail" name="test_get_spanish_article" time="0.043" /><testcase classname="backend.tests.test_blog_webhook.TestBlogArticleDetail" name="test_get_unknown_slug_returns_404" time="0.057" /><testcase classname="backend.tests.test_blog_webhook.TestBlogSitemap" name="test_sitemap_xml_structure" time="0.053" /></testsuite></testsuites>