<?xml version="1.0" encoding="utf-8"?><testsuites name="pytest tests"><testsuite name="pytest" errors="0" failures="0" skipped="0" tests="6" time="5.252" timestamp="2026-03-15T20:57:17.989204+00:00" hostname="agent-env-10f13479-a9fd-4ad4-bce1-a7b890c5c012"><testcase classname="backend.tests.test_booking_cancellation.TestBookingCancellationAuth" name="test_cancel_booking_requires_auth" time="0.255" /><testcase classname="backend.tests.test_booking_cancellation.TestBookingCancellationWithAuth" name="test_cancel_nonexistent_booking" time="1.279" /><testcase classname="backend.tests.test_booking_cancellation.TestBookingCancellationWithAuth" name="test_get_upcoming_bookings" time="0.363" /><testcase classname="backend.tests.test_booking_cancellation.TestRegressionCardManagement" name="test_get_cards_still_works" time="1.481" /><testcase classname="backend.tests.test_booking_cancellation.TestRegressionCardManagement" name="test_add_card_setup_intent_still_works" time="0.544" /><testcase classname="backend.tests.test_booking_cancellation.TestClientProfile" name="test_get_profile_still_works" time="1.206" /></testsuite></testsuites>