<?xml version="1.0" encoding="utf-8"?><testsuites name="pytest tests"><testsuite name="pytest" errors="0" failures="0" skipped="0" tests="8" time="5.388" timestamp="2026-05-25T14:38:44.679646+00:00" hostname="agent-env-a7aacbf5-a15f-4dc4-9707-245dd2e006ca"><testcase classname="backend.tests.test_booking_flow_setup_intent.TestSetupIntentMethods" name="test_post_setup_intent_without_auth_returns_401_not_405" time="1.297" /><testcase classname="backend.tests.test_booking_flow_setup_intent.TestSetupIntentMethods" name="test_get_setup_intent_without_auth_returns_401" time="0.057" /><testcase classname="backend.tests.test_booking_flow_setup_intent.TestSetupIntentMethods" name="test_post_setup_intent_with_invalid_token_returns_401" time="0.263" /><testcase classname="backend.tests.test_booking_flow_setup_intent.TestPreorderDistance" name="test_short_trip_returns_200_with_vehicles" time="1.283" /><testcase classname="backend.tests.test_booking_flow_setup_intent.TestPreorderDistance" name="test_cdg_to_paris_returns_vehicles_with_price" time="0.746" /><testcase classname="backend.tests.test_booking_flow_setup_intent.TestOtherBookingFlowEndpoints" name="test_distance_post_works" time="1.110" /><testcase classname="backend.tests.test_booking_flow_setup_intent.TestOtherBookingFlowEndpoints" name="test_trip_types_get_works" time="0.161" /><testcase classname="backend.tests.test_booking_flow_setup_intent.TestOtherBookingFlowEndpoints" name="test_driver_types_post_works" time="0.414" /></testsuite></testsuites>