<?xml version="1.0" encoding="utf-8"?><testsuites name="pytest tests"><testsuite name="pytest" errors="0" failures="0" skipped="0" tests="7" time="3.807" timestamp="2026-03-12T23:12:00.148638+00:00" hostname="agent-env-523bba88-93d6-41b7-9b24-e558f103d01b"><testcase classname="backend.tests.test_booking_proxy.TestBookingProxyEndpoints" name="test_booking_create_requires_auth" time="0.175" /><testcase classname="backend.tests.test_booking_proxy.TestBookingProxyEndpoints" name="test_booking_create_with_fake_card" time="1.198" /><testcase classname="backend.tests.test_booking_proxy.TestBookingProxyEndpoints" name="test_booking_create_validates_payload" time="0.141" /><testcase classname="backend.tests.test_booking_proxy.TestBookingProxyEndpoints" name="test_booking_create_date_format" time="0.446" /><testcase classname="backend.tests.test_booking_proxy.TestBookingProxyEndpoints" name="test_upcoming_auctions_requires_auth" time="0.154" /><testcase classname="backend.tests.test_booking_proxy.TestBookingProxyEndpoints" name="test_upcoming_auctions_with_auth" time="0.407" /><testcase classname="backend.tests.test_booking_proxy.TestAuctionAddRequestModel" name="test_full_payload_all_fields" time="1.195" /></testsuite></testsuites>