<?xml version="1.0" encoding="utf-8"?><testsuites name="pytest tests"><testsuite name="pytest" errors="0" failures="0" skipped="0" tests="5" time="1.379" timestamp="2026-07-03T22:57:10.406934+00:00" hostname="agent-env-a7aacbf5-a15f-4dc4-9707-245dd2e006ca"><testcase classname="backend.tests.test_booking_proxy" name="test_missing_auth_returns_401" time="0.289" /><testcase classname="backend.tests.test_booking_proxy" name="test_invalid_json_returns_400" time="0.113" /><testcase classname="backend.tests.test_booking_proxy" name="test_hourly_timing_forwards_and_returns_csharp_error" time="0.576" /><testcase classname="backend.tests.test_booking_proxy" name="test_transfer_legacy_still_converts_to_distance" time="0.201" /><testcase classname="backend.tests.test_booking_proxy" name="test_extra_fields_not_dropped" time="0.147" /></testsuite></testsuites>