<?xml version="1.0" encoding="utf-8"?><testsuites name="pytest tests"><testsuite name="pytest" errors="0" failures="0" skipped="0" tests="18" time="15.164" timestamp="2026-03-13T23:42:25.562210+00:00" hostname="agent-env-d061f575-8e7e-44b4-a8db-5d08a9495018"><testcase classname="backend.tests.test_card_management.TestPartnerAuthentication" name="test_partner_login_success" time="1.083" /><testcase classname="backend.tests.test_card_management.TestPartnerAuthentication" name="test_partner_login_invalid_credentials" time="0.127" /><testcase classname="backend.tests.test_card_management.TestPartnerAuthentication" name="test_partner_register_new_account" time="1.403" /><testcase classname="backend.tests.test_card_management.TestPartnerAuthentication" name="test_partner_register_duplicate_email" time="0.117" /><testcase classname="backend.tests.test_card_management.TestPartnerAuthentication" name="test_partner_me_endpoint" time="0.917" /><testcase classname="backend.tests.test_card_management.TestCardManagement" name="test_get_cards_empty_for_new_partner" time="1.586" /><testcase classname="backend.tests.test_card_management.TestCardManagement" name="test_get_cards_for_existing_partner" time="0.999" /><testcase classname="backend.tests.test_card_management.TestCardManagement" name="test_cards_setup_intent" time="1.359" /><testcase classname="backend.tests.test_card_management.TestCardManagement" name="test_cards_save" time="0.894" /><testcase classname="backend.tests.test_card_management.TestCardManagement" name="test_cards_delete" time="1.173" /><testcase classname="backend.tests.test_card_management.TestCardManagement" name="test_cards_requires_auth" time="0.293" /><testcase classname="backend.tests.test_card_management.TestRideCreationWithCard" name="test_create_ride_with_card_id" time="1.145" /><testcase classname="backend.tests.test_card_management.TestRideCreationWithCard" name="test_list_rides" time="0.883" /><testcase classname="backend.tests.test_card_management.TestRideCreationWithCard" name="test_rides_requires_auth" time="0.113" /><testcase classname="backend.tests.test_card_management.TestVehicleCategoriesAndRoute" name="test_get_vehicle_categories" time="1.106" /><testcase classname="backend.tests.test_card_management.TestVehicleCategoriesAndRoute" name="test_calculate_route" time="0.928" /><testcase classname="backend.tests.test_card_management.TestAdminEndpoints" name="test_admin_list_partners" time="0.489" /><testcase classname="backend.tests.test_card_management.TestAdminEndpoints" name="test_admin_list_rides" time="0.494" /></testsuite></testsuites>