<?xml version="1.0" encoding="utf-8"?><testsuites name="pytest tests"><testsuite name="pytest" errors="0" failures="0" skipped="0" tests="12" time="9.600" timestamp="2026-04-04T13:15:26.352131+00:00" hostname="agent-env-a7aacbf5-a15f-4dc4-9707-245dd2e006ca"><testcase classname="backend.tests.test_checkout_proxy.TestAuthProxy" name="test_login_success" time="0.893" /><testcase classname="backend.tests.test_checkout_proxy.TestAuthProxy" name="test_login_invalid_credentials" time="0.390" /><testcase classname="backend.tests.test_checkout_proxy.TestAuthProxy" name="test_register_duplicate_email" time="0.375" /><testcase classname="backend.tests.test_checkout_proxy.TestCardManagementProxy" name="test_get_cards_returns_array" time="1.198" /><testcase classname="backend.tests.test_checkout_proxy.TestCardManagementProxy" name="test_add_card_returns_setup_intent" time="1.713" /><testcase classname="backend.tests.test_checkout_proxy.TestCardManagementProxy" name="test_cards_requires_auth" time="0.810" /><testcase classname="backend.tests.test_checkout_proxy.TestCardManagementProxy" name="test_add_card_requires_auth" time="0.955" /><testcase classname="backend.tests.test_checkout_proxy.TestBookingProxy" name="test_booking_create_requires_auth" time="0.870" /><testcase classname="backend.tests.test_checkout_proxy.TestBookingProxy" name="test_booking_create_accepts_payload" time="1.007" /><testcase classname="backend.tests.test_checkout_proxy.TestDirectPaymentRemoved" name="test_create_intent_returns_404" time="0.095" /><testcase classname="backend.tests.test_checkout_proxy.TestDirectPaymentRemoved" name="test_payment_routes_not_found" time="0.197" /><testcase classname="backend.tests.test_checkout_proxy.TestClientProfile" name="test_get_profile_returns_client_data" time="1.038" /></testsuite></testsuites>