<?xml version="1.0" encoding="utf-8"?><testsuites name="pytest tests"><testsuite name="pytest" errors="0" failures="0" skipped="0" tests="10" time="8.116" timestamp="2026-03-14T19:22:28.628590+00:00" hostname="agent-env-10f13479-a9fd-4ad4-bce1-a7b890c5c012"><testcase classname="backend.tests.test_client_cards.TestClientAuthentication" name="test_client_login_success" time="0.829" /><testcase classname="backend.tests.test_client_cards.TestClientAuthentication" name="test_client_login_invalid_credentials" time="0.416" /><testcase classname="backend.tests.test_client_cards.TestClientCardManagement" name="test_get_cards_returns_list" time="1.282" /><testcase classname="backend.tests.test_client_cards.TestClientCardManagement" name="test_get_cards_has_visa_5377" time="1.299" /><testcase classname="backend.tests.test_client_cards.TestClientCardManagement" name="test_get_add_card_setup_intent" time="1.327" /><testcase classname="backend.tests.test_client_cards.TestClientCardManagement" name="test_delete_card_invalid_id" time="1.336" /><testcase classname="backend.tests.test_client_cards.TestClientCardManagement" name="test_cards_requires_auth" time="0.127" /><testcase classname="backend.tests.test_client_cards.TestClientCardManagement" name="test_add_card_requires_auth" time="0.155" /><testcase classname="backend.tests.test_client_cards.TestClientProfile" name="test_get_client_profile" time="1.124" /><testcase classname="backend.tests.test_client_cards.TestClientProfile" name="test_profile_requires_auth" time="0.155" /></testsuite></testsuites>