<?xml version="1.0" encoding="utf-8"?><testsuites name="pytest tests"><testsuite name="pytest" errors="0" failures="0" skipped="0" tests="7" time="3.426" timestamp="2026-03-17T11:43:46.874231+00:00" hostname="agent-env-e6c63f14-f2f4-4854-9f83-1accb878dc54"><testcase classname="backend.tests.test_company_registration.TestCompanyRegistration" name="test_company_register_success_with_csharp_sync" time="0.977" /><testcase classname="backend.tests.test_company_registration.TestCompanyRegistration" name="test_company_register_duplicate_email" time="0.635" /><testcase classname="backend.tests.test_company_registration.TestCompanyRegistration" name="test_company_register_missing_required_fields" time="0.168" /><testcase classname="backend.tests.test_company_registration.TestCompanyRegistration" name="test_company_register_phone_formatting" time="0.576" /><testcase classname="backend.tests.test_company_registration.TestCompanyRegistration" name="test_company_register_optional_fields" time="0.559" /><testcase classname="backend.tests.test_company_registration.TestCompanyRegistration" name="test_csharp_api_direct_connectivity" time="0.193" /><testcase classname="backend.tests.test_company_registration.TestCompanyLogin" name="test_company_login_invalid_credentials" time="0.143" /></testsuite></testsuites>