<?xml version="1.0" encoding="utf-8"?><testsuites name="pytest tests"><testsuite name="pytest" errors="0" failures="0" skipped="0" tests="8" time="15.087" timestamp="2026-04-08T15:36:26.604762+00:00" hostname="agent-env-a7aacbf5-a15f-4dc4-9707-245dd2e006ca"><testcase classname="backend.tests.test_driver_portal.TestDriverLogin" name="test_csharp_driver_login_success" time="1.294" /><testcase classname="backend.tests.test_driver_portal.TestDriverLogin" name="test_driver_login_invalid_credentials" time="0.374" /><testcase classname="backend.tests.test_driver_portal.TestDriverMissions" name="test_get_scheduled_missions" time="4.329" /><testcase classname="backend.tests.test_driver_portal.TestDriverMissions" name="test_get_history_missions" time="1.296" /><testcase classname="backend.tests.test_driver_portal.TestDriverMissions" name="test_missions_without_auth" time="0.122" /><testcase classname="backend.tests.test_driver_portal.TestDriverProfile" name="test_get_driver_profile" time="1.321" /><testcase classname="backend.tests.test_driver_portal.TestDriverProfile" name="test_profile_without_auth" time="0.111" /><testcase classname="backend.tests.test_driver_portal.TestFleetBookingsFilter" name="test_fleet_bookings_only_approved_by_admin" time="6.178" /></testsuite></testsuites>