<?xml version="1.0" encoding="utf-8"?><testsuites name="pytest tests"><testsuite name="pytest" errors="0" failures="0" skipped="0" tests="14" time="2.750" timestamp="2026-03-12T22:31:56.977252+00:00" hostname="agent-env-523bba88-93d6-41b7-9b24-e558f103d01b"><testcase classname="backend.tests.test_driver_reviews.TestPartnerLogin" name="test_partner_login_success" time="0.473" /><testcase classname="backend.tests.test_driver_reviews.TestPartnerLogin" name="test_partner_login_invalid_credentials" time="0.134" /><testcase classname="backend.tests.test_driver_reviews.TestReviewValidation" name="test_review_3_star_empty_comment_fails" time="0.478" /><testcase classname="backend.tests.test_driver_reviews.TestReviewValidation" name="test_review_invalid_rating_zero" time="0.116" /><testcase classname="backend.tests.test_driver_reviews.TestReviewValidation" name="test_review_invalid_rating_six" time="0.126" /><testcase classname="backend.tests.test_driver_reviews.TestReviewCreation" name="test_already_reviewed_ride_returns_error" time="0.123" /><testcase classname="backend.tests.test_driver_reviews.TestReviewRetrieval" name="test_get_existing_review" time="0.128" /><testcase classname="backend.tests.test_driver_reviews.TestReviewRetrieval" name="test_get_nonexistent_review" time="0.118" /><testcase classname="backend.tests.test_driver_reviews.TestReviewRetrieval" name="test_get_my_reviews" time="0.138" /><testcase classname="backend.tests.test_driver_reviews.TestReviewStats" name="test_get_partner_review_stats" time="0.299" /><testcase classname="backend.tests.test_driver_reviews.TestRideDetail" name="test_ride_with_review_has_reviewed_flag" time="0.134" /><testcase classname="backend.tests.test_driver_reviews.TestRideDetail" name="test_ride_without_review_has_no_reviewed_flag" time="0.124" /><testcase classname="backend.tests.test_driver_reviews.TestUnauthenticatedAccess" name="test_create_review_requires_auth" time="0.117" /><testcase classname="backend.tests.test_driver_reviews.TestUnauthenticatedAccess" name="test_get_my_reviews_requires_auth" time="0.113" /></testsuite></testsuites>