<?xml version="1.0" encoding="utf-8"?><testsuites name="pytest tests"><testsuite name="pytest" errors="0" failures="0" skipped="0" tests="13" time="17.923" timestamp="2026-03-19T09:37:25.151622+00:00" hostname="agent-env-4368a681-1372-4de6-8a88-da2a95c20b55"><testcase classname="backend.tests.test_fleet_driver_profile.TestDriverRidesEndpoint" name="test_get_rides_requires_auth" time="0.256" /><testcase classname="backend.tests.test_fleet_driver_profile.TestDriverRidesEndpoint" name="test_get_rides_default_month" time="4.506" /><testcase classname="backend.tests.test_fleet_driver_profile.TestDriverRidesEndpoint" name="test_get_rides_with_month_filter" time="1.376" /><testcase classname="backend.tests.test_fleet_driver_profile.TestDriverRidesEndpoint" name="test_get_rides_structure" time="0.596" /><testcase classname="backend.tests.test_fleet_driver_profile.TestDriverRidesEndpoint" name="test_get_rides_empty_month" time="1.448" /><testcase classname="backend.tests.test_fleet_driver_profile.TestDriverRidesEndpoint" name="test_get_rides_totals_calculation" time="0.643" /><testcase classname="backend.tests.test_fleet_driver_profile.TestForfaitEndpoint" name="test_set_forfait_requires_auth" time="0.094" /><testcase classname="backend.tests.test_fleet_driver_profile.TestForfaitEndpoint" name="test_set_forfait_success" time="1.828" /><testcase classname="backend.tests.test_fleet_driver_profile.TestForfaitEndpoint" name="test_set_forfait_zero" time="1.423" /><testcase classname="backend.tests.test_fleet_driver_profile.TestForfaitEndpoint" name="test_set_forfait_updates_total" time="1.655" /><testcase classname="backend.tests.test_fleet_driver_profile.TestMonthNavigation" name="test_february_vs_march" time="1.814" /><testcase classname="backend.tests.test_fleet_driver_profile.TestMonthNavigation" name="test_invalid_month_format" time="0.785" /><testcase classname="backend.tests.test_fleet_driver_profile.TestDriverList" name="test_drivers_list_includes_vova" time="1.308" /></testsuite></testsuites>