<?xml version="1.0" encoding="utf-8"?><testsuites name="pytest tests"><testsuite name="pytest" errors="0" failures="0" skipped="0" tests="12" time="8.646" timestamp="2026-03-17T21:06:24.863206+00:00" hostname="agent-env-85fc89ae-37f0-4b36-82b5-bea084f4f2fb"><testcase classname="backend.tests.test_fleet_portal.TestFleetAuthentication" name="test_fleet_login_success" time="1.099" /><testcase classname="backend.tests.test_fleet_portal.TestFleetAuthentication" name="test_fleet_login_invalid_credentials" time="0.467" /><testcase classname="backend.tests.test_fleet_portal.TestFleetAuthentication" name="test_fleet_login_missing_fields" time="0.141" /><testcase classname="backend.tests.test_fleet_portal.TestFleetDriversAPI" name="test_fleet_drivers_list" time="1.365" /><testcase classname="backend.tests.test_fleet_portal.TestFleetDriversAPI" name="test_fleet_drivers_unauthorized" time="0.152" /><testcase classname="backend.tests.test_fleet_portal.TestFleetVehiclesAPI" name="test_fleet_vehicles_list" time="1.341" /><testcase classname="backend.tests.test_fleet_portal.TestFleetVehiclesAPI" name="test_fleet_vehicles_unauthorized" time="0.142" /><testcase classname="backend.tests.test_fleet_portal.TestFleetCompanyProfile" name="test_fleet_company_profile" time="1.323" /><testcase classname="backend.tests.test_fleet_portal.TestFleetCompanyProfile" name="test_fleet_profile_unauthorized" time="0.143" /><testcase classname="backend.tests.test_fleet_portal.TestFleetAddDriverAPI" name="test_add_driver_unauthorized" time="0.130" /><testcase classname="backend.tests.test_fleet_portal.TestFleetAddDriverAPI" name="test_add_driver_missing_required_fields" time="0.973" /><testcase classname="backend.tests.test_fleet_portal.TestFleetAddDriverAPI" name="test_add_driver_validation_structure" time="1.291" /></testsuite></testsuites>