<?xml version="1.0" encoding="utf-8"?><testsuites name="pytest tests"><testsuite name="pytest" errors="0" failures="0" skipped="0" tests="16" time="15.486" timestamp="2026-03-23T21:24:55.092587+00:00" hostname="agent-env-a7aacbf5-a15f-4dc4-9707-245dd2e006ca"><testcase classname="backend.tests.test_fleet_sheet_import.TestSheetPreviewEndpoint" name="test_preview_requires_auth" time="0.150" /><testcase classname="backend.tests.test_fleet_sheet_import.TestSheetPreviewEndpoint" name="test_preview_invalid_url" time="0.862" /><testcase classname="backend.tests.test_fleet_sheet_import.TestSheetPreviewEndpoint" name="test_preview_full_sheet" time="1.334" /><testcase classname="backend.tests.test_fleet_sheet_import.TestSheetPreviewEndpoint" name="test_preview_with_date_filter" time="1.144" /><testcase classname="backend.tests.test_fleet_sheet_import.TestSheetPreviewEndpoint" name="test_preview_booking_structure" time="1.064" /><testcase classname="backend.tests.test_fleet_sheet_import.TestFrenchDateParsing" name="test_french_date_parsing" time="1.013" /><testcase classname="backend.tests.test_fleet_sheet_import.TestTimeParsing" name="test_time_parsing" time="1.137" /><testcase classname="backend.tests.test_fleet_sheet_import.TestAddressSplitting" name="test_address_splitting" time="1.160" /><testcase classname="backend.tests.test_fleet_sheet_import.TestPriceParsing" name="test_price_parsing" time="1.177" /><testcase classname="backend.tests.test_fleet_sheet_import.TestCodeParsing" name="test_code_parsing" time="1.088" /><testcase classname="backend.tests.test_fleet_sheet_import.TestSheetImportEndpoint" name="test_import_requires_auth" time="0.103" /><testcase classname="backend.tests.test_fleet_sheet_import.TestSheetImportEndpoint" name="test_import_empty_bookings" time="0.144" /><testcase classname="backend.tests.test_fleet_sheet_import.TestSheetImportEndpoint" name="test_import_creates_reservations" time="1.424" /><testcase classname="backend.tests.test_fleet_sheet_import.TestSheetImportEndpoint" name="test_import_detects_duplicates" time="1.419" /><testcase classname="backend.tests.test_fleet_sheet_import.TestSheetIdExtraction" name="test_sheet_id_extraction" time="1.092" /><testcase classname="backend.tests.test_fleet_sheet_import.TestClientParsing" name="test_client_parsing" time="1.088" /></testsuite></testsuites>