<?xml version="1.0" encoding="utf-8"?><testsuites name="pytest tests"><testsuite name="pytest" errors="0" failures="0" skipped="0" tests="30" time="6.762" timestamp="2026-03-21T22:31:21.162396+00:00" hostname="agent-env-76a5180a-d637-4745-9c4d-64ff59307535"><testcase classname="backend.tests.test_fleet_gps.TestFleetAuth" name="test_login_returns_access_token" time="1.453" /><testcase classname="backend.tests.test_fleet_gps.TestFleetAuth" name="test_login_invalid_credentials" time="0.395" /><testcase classname="backend.tests.test_fleet_gps.TestGPSWebhook" name="test_webhook_rejects_missing_key" time="0.123" /><testcase classname="backend.tests.test_fleet_gps.TestGPSWebhook" name="test_webhook_rejects_invalid_key" time="0.210" /><testcase classname="backend.tests.test_fleet_gps.TestGPSWebhook" name="test_webhook_accepts_valid_key" time="0.116" /><testcase classname="backend.tests.test_fleet_gps.TestGPSWebhook" name="test_webhook_multiple_positions" time="0.120" /><testcase classname="backend.tests.test_fleet_gps.TestGPSWebhook" name="test_webhook_empty_positions" time="0.115" /><testcase classname="backend.tests.test_fleet_gps.TestGPSBatchWebhook" name="test_batch_webhook_rejects_missing_key" time="0.106" /><testcase classname="backend.tests.test_fleet_gps.TestGPSBatchWebhook" name="test_batch_webhook_accepts_valid_key" time="0.117" /><testcase classname="backend.tests.test_fleet_gps.TestGPSDeviceCRUD" name="test_create_device" time="0.806" /><testcase classname="backend.tests.test_fleet_gps.TestGPSDeviceCRUD" name="test_create_device_duplicate_returns_409" time="0.252" /><testcase classname="backend.tests.test_fleet_gps.TestGPSDeviceCRUD" name="test_list_devices" time="0.111" /><testcase classname="backend.tests.test_fleet_gps.TestGPSDeviceCRUD" name="test_list_devices_enriched_with_position" time="0.117" /><testcase classname="backend.tests.test_fleet_gps.TestGPSDeviceCRUD" name="test_update_device" time="0.223" /><testcase classname="backend.tests.test_fleet_gps.TestGPSDeviceCRUD" name="test_update_nonexistent_device_returns_404" time="0.112" /><testcase classname="backend.tests.test_fleet_gps.TestGPSDeviceCRUD" name="test_delete_device" time="0.337" /><testcase classname="backend.tests.test_fleet_gps.TestGPSDeviceCRUD" name="test_delete_nonexistent_device_returns_404" time="0.101" /><testcase classname="backend.tests.test_fleet_gps.TestGPSPositions" name="test_get_all_positions" time="0.148" /><testcase classname="backend.tests.test_fleet_gps.TestGPSPositions" name="test_get_device_position" time="0.254" /><testcase classname="backend.tests.test_fleet_gps.TestGPSPositions" name="test_get_position_nonexistent_device_returns_404" time="0.116" /><testcase classname="backend.tests.test_fleet_gps.TestGPSHistory" name="test_get_device_history" time="0.222" /><testcase classname="backend.tests.test_fleet_gps.TestGPSHistory" name="test_get_history_nonexistent_device_returns_404" time="0.105" /><testcase classname="backend.tests.test_fleet_gps.TestGPSStats" name="test_get_stats" time="0.115" /><testcase classname="backend.tests.test_fleet_gps.TestGPSWebhookInfo" name="test_get_webhook_info" time="0.105" /><testcase classname="backend.tests.test_fleet_gps.TestGPSStream" name="test_stream_endpoint_responds" time="0.101" /><testcase classname="backend.tests.test_fleet_gps.TestGPSAuthRequired" name="test_devices_requires_auth" time="0.105" /><testcase classname="backend.tests.test_fleet_gps.TestGPSAuthRequired" name="test_positions_requires_auth" time="0.104" /><testcase classname="backend.tests.test_fleet_gps.TestGPSAuthRequired" name="test_stats_requires_auth" time="0.103" /><testcase classname="backend.tests.test_fleet_gps.TestGPSAuthRequired" name="test_webhook_info_requires_auth" time="0.104" /><testcase classname="backend.tests.test_fleet_gps.TestCleanup" name="test_cleanup_test_devices" time="0.219" /></testsuite></testsuites>