<?xml version="1.0" encoding="utf-8"?><testsuites name="pytest tests"><testsuite name="pytest" errors="0" failures="0" skipped="0" tests="10" time="18.143" timestamp="2026-03-19T02:20:41.698759+00:00" hostname="agent-env-4368a681-1372-4de6-8a88-da2a95c20b55"><testcase classname="backend.tests.test_fleet_planning_unassigned.TestUnassignedBookingsAPI" name="test_planning_returns_unassigned_array" time="1.909" /><testcase classname="backend.tests.test_fleet_planning_unassigned.TestUnassignedBookingsAPI" name="test_unassigned_booking_structure" time="1.685" /><testcase classname="backend.tests.test_fleet_planning_unassigned.TestUnassignedBookingsAPI" name="test_unassigned_has_start_end_time" time="1.891" /><testcase classname="backend.tests.test_fleet_planning_unassigned.TestDriverAssignment" name="test_assign_driver_requires_auth" time="1.868" /><testcase classname="backend.tests.test_fleet_planning_unassigned.TestDriverAssignment" name="test_assign_driver_invalid_booking" time="1.836" /><testcase classname="backend.tests.test_fleet_planning_unassigned.TestDriverAssignment" name="test_assign_driver_to_booking" time="1.954" /><testcase classname="backend.tests.test_fleet_planning_unassigned.TestDriverAssignment" name="test_assigned_booking_moves_from_unassigned_to_driver_events" time="2.864" /><testcase classname="backend.tests.test_fleet_planning_unassigned.TestConflictDetectionForAssignment" name="test_conflict_check_for_unassigned_booking" time="2.036" /><testcase classname="backend.tests.test_fleet_planning_unassigned.TestUnassignDriver" name="test_unassign_driver_requires_auth" time="0.986" /><testcase classname="backend.tests.test_fleet_planning_unassigned.TestUnassignDriver" name="test_unassign_driver_invalid_booking" time="1.040" /></testsuite></testsuites>