<?xml version="1.0" encoding="utf-8"?><testsuites name="pytest tests"><testsuite name="pytest" errors="0" failures="0" skipped="0" tests="22" time="56.550" timestamp="2026-03-17T21:30:07.191623+00:00" hostname="agent-env-85fc89ae-37f0-4b36-82b5-bea084f4f2fb"><testcase classname="backend.tests.test_fleet_portal.TestFleetAuthentication" name="test_fleet_login_success" time="2.802" /><testcase classname="backend.tests.test_fleet_portal.TestFleetAuthentication" name="test_fleet_login_invalid_credentials" time="0.634" /><testcase classname="backend.tests.test_fleet_portal.TestFleetAuthentication" name="test_fleet_login_missing_fields" time="0.126" /><testcase classname="backend.tests.test_fleet_portal.TestFleetDriversAPI" name="test_fleet_drivers_list" time="5.641" /><testcase classname="backend.tests.test_fleet_portal.TestFleetDriversAPI" name="test_fleet_drivers_unauthorized" time="0.130" /><testcase classname="backend.tests.test_fleet_portal.TestFleetVehiclesAPI" name="test_fleet_vehicles_list" time="3.706" /><testcase classname="backend.tests.test_fleet_portal.TestFleetVehiclesAPI" name="test_fleet_vehicles_unauthorized" time="0.118" /><testcase classname="backend.tests.test_fleet_portal.TestFleetCompanyProfile" name="test_fleet_company_profile" time="5.419" /><testcase classname="backend.tests.test_fleet_portal.TestFleetCompanyProfile" name="test_fleet_profile_unauthorized" time="0.158" /><testcase classname="backend.tests.test_fleet_portal.TestFleetAddDriverAPI" name="test_add_driver_unauthorized" time="0.127" /><testcase classname="backend.tests.test_fleet_portal.TestFleetAddDriverAPI" name="test_add_driver_missing_required_fields" time="4.145" /><testcase classname="backend.tests.test_fleet_portal.TestFleetAddDriverAPI" name="test_add_driver_validation_structure" time="3.860" /><testcase classname="backend.tests.test_fleet_portal.TestFleetAddVehicleRefEndpoints" name="test_vehicle_years_endpoint" time="3.226" /><testcase classname="backend.tests.test_fleet_portal.TestFleetAddVehicleRefEndpoints" name="test_vehicle_years_unauthorized" time="0.170" /><testcase classname="backend.tests.test_fleet_portal.TestFleetAddVehicleRefEndpoints" name="test_vehicle_makers_by_year" time="3.798" /><testcase classname="backend.tests.test_fleet_portal.TestFleetAddVehicleRefEndpoints" name="test_vehicle_makers_unauthorized" time="0.166" /><testcase classname="backend.tests.test_fleet_portal.TestFleetAddVehicleRefEndpoints" name="test_vehicle_models_by_year_and_make" time="3.702" /><testcase classname="backend.tests.test_fleet_portal.TestFleetAddVehicleRefEndpoints" name="test_vehicle_types_endpoint" time="1.464" /><testcase classname="backend.tests.test_fleet_portal.TestFleetAddVehicleRefEndpoints" name="test_vehicle_types_unauthorized" time="0.128" /><testcase classname="backend.tests.test_fleet_portal.TestFleetAddVehicleAPI" name="test_add_vehicle_unauthorized" time="0.174" /><testcase classname="backend.tests.test_fleet_portal.TestFleetAddVehicleAPI" name="test_add_vehicle_missing_required_fields" time="5.555" /><testcase classname="backend.tests.test_fleet_portal.TestFleetAddVehicleAPI" name="test_add_vehicle_validation_structure" time="11.208" /></testsuite></testsuites>