<?xml version="1.0" encoding="utf-8"?><testsuites name="pytest tests"><testsuite name="pytest" errors="0" failures="0" skipped="0" tests="16" time="120.454" timestamp="2026-03-23T19:50:01.434961+00:00" hostname="agent-env-a7aacbf5-a15f-4dc4-9707-245dd2e006ca"><testcase classname="backend.tests.test_fleet_delay_risk.TestDelayRiskAuthentication" name="test_delay_risk_requires_auth" time="16.121" /><testcase classname="backend.tests.test_fleet_delay_risk.TestDelayRiskAPI" name="test_delay_risk_returns_200" time="16.248" /><testcase classname="backend.tests.test_fleet_delay_risk.TestDelayRiskAPI" name="test_delay_risk_response_structure" time="2.604" /><testcase classname="backend.tests.test_fleet_delay_risk.TestDelayRiskAPI" name="test_delay_risk_entry_structure" time="2.165" /><testcase classname="backend.tests.test_fleet_delay_risk.TestDelayRiskAPI" name="test_delay_risk_score_clamped_to_100" time="2.065" /><testcase classname="backend.tests.test_fleet_delay_risk.TestDelayRiskAPI" name="test_delay_risk_status_classification" time="2.083" /><testcase classname="backend.tests.test_fleet_delay_risk.TestDelayRiskAPI" name="test_delay_risk_reasons_are_strings" time="2.124" /><testcase classname="backend.tests.test_fleet_delay_risk.TestDelayRiskAPI" name="test_delay_risk_gps_active_boolean" time="16.481" /><testcase classname="backend.tests.test_fleet_delay_risk.TestDelayRiskAPI" name="test_unassigned_mission_has_no_driver_penalty" time="5.820" /><testcase classname="backend.tests.test_fleet_delay_risk.TestDelayRiskAPI" name="test_gps_inactive_penalty" time="2.584" /><testcase classname="backend.tests.test_fleet_delay_risk.TestDelayRiskAPI" name="test_eta_data_present_when_gps_active" time="16.588" /><testcase classname="backend.tests.test_fleet_delay_risk.TestDelayRiskAPI" name="test_delay_risk_caching_performance" time="4.055" /><testcase classname="backend.tests.test_fleet_delay_risk.TestDelayRiskAPI" name="test_delay_risk_matches_planning_events" time="18.160" /><testcase classname="backend.tests.test_fleet_delay_risk.TestDelayRiskAPI" name="test_delay_risk_default_date" time="8.979" /><testcase classname="backend.tests.test_fleet_delay_risk.TestDelayRiskScenarios" name="test_risk_summary_counts" time="2.089" /><testcase classname="backend.tests.test_fleet_delay_risk.TestDelayRiskScenarios" name="test_risk_labels_in_french" time="2.101" /></testsuite></testsuites>