<?xml version="1.0" encoding="utf-8"?><testsuites name="pytest tests"><testsuite name="pytest" errors="0" failures="0" skipped="0" tests="36" time="26.978" timestamp="2026-03-17T22:12:29.269599+00:00" hostname="agent-env-85fc89ae-37f0-4b36-82b5-bea084f4f2fb"><testcase classname="backend.tests.test_fleet_portal.TestFleetAuthentication" name="test_fleet_login_success" time="1.060" /><testcase classname="backend.tests.test_fleet_portal.TestFleetAuthentication" name="test_fleet_login_invalid_credentials" time="0.471" /><testcase classname="backend.tests.test_fleet_portal.TestFleetAuthentication" name="test_fleet_login_missing_fields" time="0.124" /><testcase classname="backend.tests.test_fleet_portal.TestFleetDriversAPI" name="test_fleet_drivers_list" time="1.305" /><testcase classname="backend.tests.test_fleet_portal.TestFleetDriversAPI" name="test_fleet_drivers_unauthorized" time="0.122" /><testcase classname="backend.tests.test_fleet_portal.TestFleetVehiclesAPI" name="test_fleet_vehicles_list" time="1.174" /><testcase classname="backend.tests.test_fleet_portal.TestFleetVehiclesAPI" name="test_fleet_vehicles_unauthorized" time="0.127" /><testcase classname="backend.tests.test_fleet_portal.TestFleetCompanyProfile" name="test_fleet_company_profile" time="1.162" /><testcase classname="backend.tests.test_fleet_portal.TestFleetCompanyProfile" name="test_fleet_profile_unauthorized" time="0.193" /><testcase classname="backend.tests.test_fleet_portal.TestFleetAddDriverAPI" name="test_add_driver_unauthorized" time="0.142" /><testcase classname="backend.tests.test_fleet_portal.TestFleetAddDriverAPI" name="test_add_driver_missing_required_fields" time="0.975" /><testcase classname="backend.tests.test_fleet_portal.TestFleetAddDriverAPI" name="test_add_driver_validation_structure" time="1.219" /><testcase classname="backend.tests.test_fleet_portal.TestFleetAddVehicleRefEndpoints" name="test_vehicle_years_endpoint" time="1.144" /><testcase classname="backend.tests.test_fleet_portal.TestFleetAddVehicleRefEndpoints" name="test_vehicle_years_unauthorized" time="0.124" /><testcase classname="backend.tests.test_fleet_portal.TestFleetAddVehicleRefEndpoints" name="test_vehicle_makers_by_year" time="1.218" /><testcase classname="backend.tests.test_fleet_portal.TestFleetAddVehicleRefEndpoints" name="test_vehicle_makers_unauthorized" time="0.173" /><testcase classname="backend.tests.test_fleet_portal.TestFleetAddVehicleRefEndpoints" name="test_vehicle_models_by_year_and_make" time="1.499" /><testcase classname="backend.tests.test_fleet_portal.TestFleetAddVehicleRefEndpoints" name="test_vehicle_types_endpoint" time="1.083" /><testcase classname="backend.tests.test_fleet_portal.TestFleetAddVehicleRefEndpoints" name="test_vehicle_types_unauthorized" time="0.310" /><testcase classname="backend.tests.test_fleet_portal.TestFleetAddVehicleAPI" name="test_add_vehicle_unauthorized" time="0.119" /><testcase classname="backend.tests.test_fleet_portal.TestFleetAddVehicleAPI" name="test_add_vehicle_missing_required_fields" time="0.848" /><testcase classname="backend.tests.test_fleet_portal.TestFleetAddVehicleAPI" name="test_add_vehicle_validation_structure" time="1.718" /><testcase classname="backend.tests.test_fleet_portal.TestFleetBookingsAPI" name="test_fleet_bookings_list" time="1.196" /><testcase classname="backend.tests.test_fleet_portal.TestFleetBookingsAPI" name="test_fleet_bookings_unauthorized" time="0.107" /><testcase classname="backend.tests.test_fleet_portal.TestFleetBookingsAPI" name="test_fleet_bookings_with_pagination" time="1.149" /><testcase classname="backend.tests.test_fleet_portal.TestFleetBookingsAPI" name="test_fleet_bookings_count" time="1.098" /><testcase classname="backend.tests.test_fleet_portal.TestFleetBookingsAPI" name="test_fleet_bookings_count_unauthorized" time="0.147" /><testcase classname="backend.tests.test_fleet_portal.TestFleetDispatchAPI" name="test_dispatch_unauthorized" time="0.108" /><testcase classname="backend.tests.test_fleet_portal.TestFleetDispatchAPI" name="test_dispatch_missing_driverId" time="0.881" /><testcase classname="backend.tests.test_fleet_portal.TestFleetDispatchAPI" name="test_dispatch_missing_auctionId" time="0.988" /><testcase classname="backend.tests.test_fleet_portal.TestFleetDispatchAPI" name="test_dispatch_validation_structure" time="1.139" /><testcase classname="backend.tests.test_fleet_portal.TestFleetTripsAPI" name="test_fleet_trips_list" time="1.098" /><testcase classname="backend.tests.test_fleet_portal.TestFleetTripsAPI" name="test_fleet_trips_unauthorized" time="0.225" /><testcase classname="backend.tests.test_fleet_portal.TestFleetTripsAPI" name="test_fleet_trips_with_pagination" time="1.032" /><testcase classname="backend.tests.test_fleet_portal.TestFleetTripsAPI" name="test_fleet_trips_count" time="1.226" /><testcase classname="backend.tests.test_fleet_portal.TestFleetTripsAPI" name="test_fleet_trips_count_unauthorized" time="0.113" /></testsuite></testsuites>