<?xml version="1.0" encoding="utf-8"?><testsuites name="pytest tests"><testsuite name="pytest" errors="0" failures="0" skipped="0" tests="19" time="5.161" timestamp="2026-03-18T00:46:01.576814+00:00" hostname="agent-env-85fc89ae-37f0-4b36-82b5-bea084f4f2fb"><testcase classname="backend.tests.test_fleet_my_bookings.TestMyBookingsUnauthorized" name="test_list_unauthorized" time="0.187" /><testcase classname="backend.tests.test_fleet_my_bookings.TestMyBookingsUnauthorized" name="test_create_unauthorized" time="0.138" /><testcase classname="backend.tests.test_fleet_my_bookings.TestMyBookingsList" name="test_list_bookings_authenticated" time="1.237" /><testcase classname="backend.tests.test_fleet_my_bookings.TestMyBookingsList" name="test_list_bookings_with_type_filter" time="0.155" /><testcase classname="backend.tests.test_fleet_my_bookings.TestMyBookingsList" name="test_list_bookings_with_status_filter" time="0.134" /><testcase classname="backend.tests.test_fleet_my_bookings.TestCreateTransferBooking" name="test_create_transfer_success" time="0.145" /><testcase classname="backend.tests.test_fleet_my_bookings.TestCreateTransferBooking" name="test_create_transfer_missing_addresses" time="0.148" /><testcase classname="backend.tests.test_fleet_my_bookings.TestCreateDispoBooking" name="test_create_dispo_success" time="0.135" /><testcase classname="backend.tests.test_fleet_my_bookings.TestCreateDispoBooking" name="test_create_dispo_missing_hours" time="0.129" /><testcase classname="backend.tests.test_fleet_my_bookings.TestCreateExcursionBooking" name="test_create_excursion_success" time="0.143" /><testcase classname="backend.tests.test_fleet_my_bookings.TestCreateExcursionBooking" name="test_create_excursion_missing_pickup" time="0.143" /><testcase classname="backend.tests.test_fleet_my_bookings.TestBookingActions" name="test_assign_driver" time="0.447" /><testcase classname="backend.tests.test_fleet_my_bookings.TestBookingActions" name="test_unassign_driver" time="0.268" /><testcase classname="backend.tests.test_fleet_my_bookings.TestBookingActions" name="test_send_to_zont" time="0.260" /><testcase classname="backend.tests.test_fleet_my_bookings.TestBookingActions" name="test_cancel_booking" time="0.284" /><testcase classname="backend.tests.test_fleet_my_bookings.TestBookingNotFound" name="test_get_nonexistent_booking" time="0.148" /><testcase classname="backend.tests.test_fleet_my_bookings.TestBookingNotFound" name="test_assign_nonexistent_booking" time="0.141" /><testcase classname="backend.tests.test_fleet_my_bookings.TestInvalidBookingType" name="test_create_invalid_type" time="0.139" /><testcase classname="backend.tests.test_fleet_my_bookings.TestCleanup" name="test_delete_test_bookings" time="0.694" /></testsuite></testsuites>