<?xml version="1.0" encoding="utf-8"?><testsuites name="pytest tests"><testsuite name="pytest" errors="0" failures="1" skipped="0" tests="17" time="3.723" timestamp="2026-03-23T22:32:02.681175+00:00" hostname="agent-env-a7aacbf5-a15f-4dc4-9707-245dd2e006ca"><testcase classname="backend.tests.test_fleet_my_bookings_pagination.TestPaginationBasics" name="test_pagination_response_structure" time="1.117" /><testcase classname="backend.tests.test_fleet_my_bookings_pagination.TestPaginationBasics" name="test_default_pagination" time="0.132" /><testcase classname="backend.tests.test_fleet_my_bookings_pagination.TestPaginationBasics" name="test_pagination_page_1" time="0.126" /><testcase classname="backend.tests.test_fleet_my_bookings_pagination.TestPaginationBasics" name="test_pagination_page_2" time="0.256" /><testcase classname="backend.tests.test_fleet_my_bookings_pagination.TestPaginationBasics" name="test_pagination_total_count" time="0.250" /><testcase classname="backend.tests.test_fleet_my_bookings_pagination.TestPaginationBasics" name="test_pagination_total_pages_calculation" time="0.116" /><testcase classname="backend.tests.test_fleet_my_bookings_pagination.TestPaginationLimits" name="test_limit_clamped_to_max_200" time="0.155" /><testcase classname="backend.tests.test_fleet_my_bookings_pagination.TestPaginationLimits" name="test_limit_clamped_to_min_10" time="0.155" /><testcase classname="backend.tests.test_fleet_my_bookings_pagination.TestPaginationLimits" name="test_page_clamped_to_min_1" time="0.133"><failure message="AssertionError: Page should be clamped to 1, got 0&#10;assert 0 == 1">backend/tests/test_fleet_my_bookings_pagination.py:165: in test_page_clamped_to_min_1
    assert data["page"] == 1, f"Page should be clamped to 1, got {data['page']}"
E   AssertionError: Page should be clamped to 1, got 0
E   assert 0 == 1</failure></testcase><testcase classname="backend.tests.test_fleet_my_bookings_pagination.TestPaginationWithFilters" name="test_pagination_with_date_filter" time="0.118" /><testcase classname="backend.tests.test_fleet_my_bookings_pagination.TestPaginationWithFilters" name="test_pagination_with_search" time="0.173" /><testcase classname="backend.tests.test_fleet_my_bookings_pagination.TestPaginationWithFilters" name="test_pagination_with_type_filter" time="0.121" /><testcase classname="backend.tests.test_fleet_my_bookings_pagination.TestPaginationWithFilters" name="test_pagination_with_status_filter" time="0.147" /><testcase classname="backend.tests.test_fleet_my_bookings_pagination.TestLargeDatasetPagination" name="test_total_count_large_dataset" time="0.106" /><testcase classname="backend.tests.test_fleet_my_bookings_pagination.TestLargeDatasetPagination" name="test_last_page_has_remaining_bookings" time="0.239" /><testcase classname="backend.tests.test_fleet_my_bookings_pagination.TestBulkImportEndpoint" name="test_bulk_import_endpoint_exists" time="0.112" /><testcase classname="backend.tests.test_fleet_my_bookings_pagination.TestBulkImportEndpoint" name="test_bulk_import_requires_auth" time="0.129" /></testsuite></testsuites>