<?xml version="1.0" encoding="utf-8"?><testsuites name="pytest tests"><testsuite name="pytest" errors="0" failures="0" skipped="0" tests="22" time="4.637" timestamp="2026-03-23T18:24:59.495497+00:00" hostname="agent-env-a7aacbf5-a15f-4dc4-9707-245dd2e006ca"><testcase classname="backend.tests.test_fleet_gps_history.TestFleetGPSDevices" name="test_get_devices_returns_list" time="1.173" /><testcase classname="backend.tests.test_fleet_gps_history.TestFleetGPSDevices" name="test_devices_contain_required_fields" time="0.117" /><testcase classname="backend.tests.test_fleet_gps_history.TestFleetGPSDevices" name="test_real_device_exists" time="0.156" /><testcase classname="backend.tests.test_fleet_gps_history.TestFleetGPSHistoryDays" name="test_history_days_returns_list" time="0.249" /><testcase classname="backend.tests.test_fleet_gps_history.TestFleetGPSHistoryDays" name="test_history_days_contain_required_fields" time="0.231" /><testcase classname="backend.tests.test_fleet_gps_history.TestFleetGPSHistoryDays" name="test_history_days_sorted_descending" time="0.126" /><testcase classname="backend.tests.test_fleet_gps_history.TestFleetGPSHistoryDays" name="test_history_days_nonexistent_device_returns_404" time="0.208" /><testcase classname="backend.tests.test_fleet_gps_history.TestFleetGPSHistory" name="test_history_returns_positions" time="0.256" /><testcase classname="backend.tests.test_fleet_gps_history.TestFleetGPSHistory" name="test_history_positions_have_required_fields" time="0.122" /><testcase classname="backend.tests.test_fleet_gps_history.TestFleetGPSHistory" name="test_history_sorted_by_timestamp" time="0.148" /><testcase classname="backend.tests.test_fleet_gps_history.TestFleetGPSHistory" name="test_history_respects_limit_parameter" time="0.172" /><testcase classname="backend.tests.test_fleet_gps_history.TestFleetGPSHistory" name="test_history_period_in_response" time="0.176" /><testcase classname="backend.tests.test_fleet_gps_history.TestFleetGPSHistory" name="test_history_empty_for_no_data_date" time="0.122" /><testcase classname="backend.tests.test_fleet_gps_history.TestFleetGPSHistory" name="test_history_nonexistent_device_returns_404" time="0.105" /><testcase classname="backend.tests.test_fleet_gps_history.TestFleetGPSHistory" name="test_history_requires_start_end_params" time="0.143" /><testcase classname="backend.tests.test_fleet_gps_history.TestFleetGPSHistoryAuth" name="test_history_requires_auth" time="0.130" /><testcase classname="backend.tests.test_fleet_gps_history.TestFleetGPSHistoryAuth" name="test_history_days_requires_auth" time="0.145" /><testcase classname="backend.tests.test_fleet_gps_history.TestFleetGPSHistoryAuth" name="test_devices_requires_auth" time="0.143" /><testcase classname="backend.tests.test_fleet_gps_history.TestFleetGPSHistoryDataValidation" name="test_history_with_real_data_date" time="0.178" /><testcase classname="backend.tests.test_fleet_gps_history.TestFleetGPSHistoryDataValidation" name="test_history_with_second_data_date" time="0.146" /><testcase classname="backend.tests.test_fleet_gps_history.TestFleetGPSHistoryDataValidation" name="test_history_positions_have_valid_coordinates" time="0.125" /><testcase classname="backend.tests.test_fleet_gps_history.TestFleetGPSHistoryDataValidation" name="test_history_positions_have_speed_data" time="0.122" /></testsuite></testsuites>