<?xml version="1.0" encoding="utf-8"?><testsuites name="pytest tests"><testsuite name="pytest" errors="0" failures="0" skipped="0" tests="14" time="15.281" timestamp="2026-03-19T19:30:44.176577+00:00" hostname="agent-env-648bcdab-72e0-4709-9f70-c92b32925fe7"><testcase classname="backend.tests.test_fleet_performance_refactor.TestFleetAuth" name="test_login_returns_access_token" time="1.139" /><testcase classname="backend.tests.test_fleet_performance_refactor.TestFleetAuth" name="test_login_invalid_credentials" time="0.306" /><testcase classname="backend.tests.test_fleet_performance_refactor.TestFleetPlanningDay" name="test_planning_day_view_returns_data" time="2.361" /><testcase classname="backend.tests.test_fleet_performance_refactor.TestFleetPlanningDay" name="test_planning_day_view_events_have_source" time="1.150" /><testcase classname="backend.tests.test_fleet_performance_refactor.TestFleetPlanningWeek" name="test_planning_week_view_returns_7_days" time="1.029" /><testcase classname="backend.tests.test_fleet_performance_refactor.TestFleetPlanningMonth" name="test_planning_month_view_returns_full_month" time="1.172" /><testcase classname="backend.tests.test_fleet_performance_refactor.TestFleetConflictCheck" name="test_conflict_check_returns_result" time="0.235" /><testcase classname="backend.tests.test_fleet_performance_refactor.TestFleetRestDay" name="test_add_and_remove_rest_day" time="0.386" /><testcase classname="backend.tests.test_fleet_performance_refactor.TestFleetBookings" name="test_bookings_returns_list" time="1.122" /><testcase classname="backend.tests.test_fleet_performance_refactor.TestFleetDrivers" name="test_drivers_returns_list" time="0.111" /><testcase classname="backend.tests.test_fleet_performance_refactor.TestFleetVehicles" name="test_vehicles_returns_list" time="0.484" /><testcase classname="backend.tests.test_fleet_performance_refactor.TestFleetMyBookings" name="test_my_bookings_returns_list" time="0.107" /><testcase classname="backend.tests.test_fleet_performance_refactor.TestFleetDriverRides" name="test_driver_rides_returns_history" time="0.371" /><testcase classname="backend.tests.test_fleet_performance_refactor.TestPerformanceSummary" name="test_performance_summary" time="5.183" /></testsuite></testsuites>