<?xml version="1.0" encoding="utf-8"?><testsuites name="pytest tests"><testsuite name="pytest" errors="1" failures="2" skipped="0" tests="13" time="166.114" timestamp="2026-03-19T19:07:16.565013+00:00" hostname="agent-env-648bcdab-72e0-4709-9f70-c92b32925fe7"><testcase classname="backend.tests.test_fleet_planning_source_filter.TestFleetPlanningSourceField" name="test_planning_returns_assigned_events_with_source" time="5.171" /><testcase classname="backend.tests.test_fleet_planning_source_filter.TestFleetPlanningSourceField" name="test_planning_has_both_zont_and_company_events" time="24.184" /><testcase classname="backend.tests.test_fleet_planning_source_filter.TestFleetPlanningSourceField" name="test_event_has_required_fields" time="4.652" /><testcase classname="backend.tests.test_fleet_planning_source_filter.TestFleetPlanningSourceField" name="test_unassigned_bookings_have_source_field" time="4.637" /><testcase classname="backend.tests.test_fleet_planning_source_filter.TestFleetPlanningSourceField" name="test_unassigned_company_booking_structure" time="4.455" /><testcase classname="backend.tests.test_fleet_planning_source_filter.TestFleetPlanningSourceField" name="test_week_view_has_source_field" time="4.438" /><testcase classname="backend.tests.test_fleet_planning_source_filter.TestFleetPlanningSourceField" name="test_month_view_has_source_field" time="23.664"><failure message="assert 500 == 200&#10; +  where 500 = &lt;Response [500]&gt;.status_code">backend/tests/test_fleet_planning_source_filter.py:208: in test_month_view_has_source_field
    assert response.status_code == 200
E   assert 500 == 200
E    +  where 500 = &lt;Response [500]&gt;.status_code</failure></testcase><testcase classname="backend.tests.test_fleet_planning_source_filter.TestFleetPlanningSourceField" name="test_planning_response_structure" time="19.935" /><testcase classname="backend.tests.test_fleet_planning_source_filter.TestFleetPlanningSourceField" name="test_drivers_list_returned" time="17.720" /><testcase classname="backend.tests.test_fleet_planning_source_filter.TestFleetPlanningFilterScenarios" name="test_filter_all_returns_everything" time="17.555" /><testcase classname="backend.tests.test_fleet_planning_source_filter.TestFleetPlanningFilterScenarios" name="test_simulated_zont_filter" time="4.673" /><testcase classname="backend.tests.test_fleet_planning_source_filter.TestFleetPlanningFilterScenarios" name="test_simulated_company_filter" time="19.650"><failure message="assert 500 == 200&#10; +  where 500 = &lt;Response [500]&gt;.status_code">backend/tests/test_fleet_planning_source_filter.py:334: in test_simulated_company_filter
    assert response.status_code == 200
E   assert 500 == 200
E    +  where 500 = &lt;Response [500]&gt;.status_code</failure></testcase><testcase classname="backend.tests.test_fleet_planning_source_filter.TestFleetPlanningFilterScenarios" name="test_simulated_unassigned_filter_zont" time="15.220"><error message="failed on setup with &quot;assert 500 == 200&#10; +  where 500 = &lt;Response [500]&gt;.status_code&quot;">backend/tests/test_fleet_planning_source_filter.py:285: in setup
    assert login_resp.status_code == 200
E   assert 500 == 200
E    +  where 500 = &lt;Response [500]&gt;.status_code</error></testcase></testsuite></testsuites>