<?xml version="1.0" encoding="utf-8"?><testsuites name="pytest tests"><testsuite name="pytest" errors="0" failures="0" skipped="0" tests="9" time="5.131" timestamp="2026-03-19T02:48:36.250981+00:00" hostname="agent-env-4368a681-1372-4de6-8a88-da2a95c20b55"><testcase classname="backend.tests.test_fleet_unassign_reassign.TestUnassignEndpoint" name="test_unassign_requires_auth" time="0.321" /><testcase classname="backend.tests.test_fleet_unassign_reassign.TestUnassignEndpoint" name="test_unassign_invalid_booking" time="1.268" /><testcase classname="backend.tests.test_fleet_unassign_reassign.TestUnassignEndpoint" name="test_unassign_workflow" time="0.314" /><testcase classname="backend.tests.test_fleet_unassign_reassign.TestReassignEndpoint" name="test_reassign_to_different_driver" time="0.231" /><testcase classname="backend.tests.test_fleet_unassign_reassign.TestConflictCheckEndpoint" name="test_conflict_check_no_conflict" time="0.324" /><testcase classname="backend.tests.test_fleet_unassign_reassign.TestConflictCheckEndpoint" name="test_conflict_check_returns_conflict_info" time="0.399" /><testcase classname="backend.tests.test_fleet_unassign_reassign.TestConflictCheckEndpoint" name="test_conflict_check_excludes_own_booking" time="0.369" /><testcase classname="backend.tests.test_fleet_unassign_reassign.TestPlanningUnassignedReintegration" name="test_unassigned_appears_in_planning" time="0.834" /><testcase classname="backend.tests.test_fleet_unassign_reassign.TestPlanningUnassignedReintegration" name="test_assigned_not_in_unassigned" time="0.860" /></testsuite></testsuites>