<?xml version="1.0" encoding="utf-8"?><testsuites name="pytest tests"><testsuite name="pytest" errors="0" failures="0" skipped="0" tests="16" time="20.391" timestamp="2026-03-19T02:02:31.848250+00:00" hostname="agent-env-85fc89ae-37f0-4b36-82b5-bea084f4f2fb"><testcase classname="backend.tests.test_fleet_planning.TestFleetPlanningAuthentication" name="test_planning_requires_auth" time="0.192" /><testcase classname="backend.tests.test_fleet_planning.TestFleetPlanningAuthentication" name="test_conflict_check_requires_auth" time="0.159" /><testcase classname="backend.tests.test_fleet_planning.TestFleetPlanningAPI" name="test_get_planning_day_view_default" time="1.581" /><testcase classname="backend.tests.test_fleet_planning.TestFleetPlanningAPI" name="test_get_planning_with_specific_date" time="1.600" /><testcase classname="backend.tests.test_fleet_planning.TestFleetPlanningAPI" name="test_get_planning_driver_structure" time="1.584" /><testcase classname="backend.tests.test_fleet_planning.TestFleetPlanningAPI" name="test_get_planning_has_expected_drivers" time="1.647" /><testcase classname="backend.tests.test_fleet_planning.TestFleetPlanningAPI" name="test_get_planning_week_view" time="1.668" /><testcase classname="backend.tests.test_fleet_planning.TestFleetPlanningAPI" name="test_get_planning_week_view_with_date" time="1.580" /><testcase classname="backend.tests.test_fleet_planning.TestFleetPlanningAPI" name="test_planning_event_structure" time="1.661" /><testcase classname="backend.tests.test_fleet_planning.TestFleetPlanningAPI" name="test_company_booking_appears_in_planning" time="1.490" /><testcase classname="backend.tests.test_fleet_planning.TestFleetPlanningAPI" name="test_conflict_check_detects_conflict" time="1.335" /><testcase classname="backend.tests.test_fleet_planning.TestFleetPlanningAPI" name="test_conflict_check_free_slot" time="1.182" /><testcase classname="backend.tests.test_fleet_planning.TestFleetPlanningAPI" name="test_conflict_check_adjacent_slot" time="1.230" /><testcase classname="backend.tests.test_fleet_planning.TestFleetPlanningAPI" name="test_conflict_check_partial_overlap" time="1.243" /><testcase classname="backend.tests.test_fleet_planning.TestFleetPlanningAPI" name="test_conflict_check_invalid_date_format" time="0.976" /><testcase classname="backend.tests.test_fleet_planning.TestFleetPlanningAPI" name="test_conflict_check_different_driver" time="1.191" /></testsuite></testsuites>