<?xml version="1.0" encoding="utf-8"?><testsuites name="pytest tests"><testsuite name="pytest" errors="0" failures="0" skipped="0" tests="22" time="4.191" timestamp="2026-03-23T20:37:12.308696+00:00" hostname="agent-env-a7aacbf5-a15f-4dc4-9707-245dd2e006ca"><testcase classname="backend.tests.test_fleet_gps_history.TestFleetGPSDevices" name="test_get_devices_returns_list" time="1.077" /><testcase classname="backend.tests.test_fleet_gps_history.TestFleetGPSDevices" name="test_devices_contain_required_fields" time="0.176" /><testcase classname="backend.tests.test_fleet_gps_history.TestFleetGPSDevices" name="test_real_device_exists" time="0.116" /><testcase classname="backend.tests.test_fleet_gps_history.TestFleetGPSHistoryDays" name="test_history_days_returns_list" time="0.164" /><testcase classname="backend.tests.test_fleet_gps_history.TestFleetGPSHistoryDays" name="test_history_days_contain_required_fields" time="0.160" /><testcase classname="backend.tests.test_fleet_gps_history.TestFleetGPSHistoryDays" name="test_history_days_sorted_descending" time="0.154" /><testcase classname="backend.tests.test_fleet_gps_history.TestFleetGPSHistoryDays" name="test_history_days_nonexistent_device_returns_404" time="0.116" /><testcase classname="backend.tests.test_fleet_gps_history.TestFleetGPSHistory" name="test_history_returns_positions" time="0.262" /><testcase classname="backend.tests.test_fleet_gps_history.TestFleetGPSHistory" name="test_history_positions_have_required_fields" time="0.135" /><testcase classname="backend.tests.test_fleet_gps_history.TestFleetGPSHistory" name="test_history_sorted_by_timestamp" time="0.126" /><testcase classname="backend.tests.test_fleet_gps_history.TestFleetGPSHistory" name="test_history_respects_limit_parameter" time="0.132" /><testcase classname="backend.tests.test_fleet_gps_history.TestFleetGPSHistory" name="test_history_period_in_response" time="0.161" /><testcase classname="backend.tests.test_fleet_gps_history.TestFleetGPSHistory" name="test_history_empty_for_no_data_date" time="0.151" /><testcase classname="backend.tests.test_fleet_gps_history.TestFleetGPSHistory" name="test_history_nonexistent_device_returns_404" time="0.120" /><testcase classname="backend.tests.test_fleet_gps_history.TestFleetGPSHistory" name="test_history_requires_start_end_params" time="0.126" /><testcase classname="backend.tests.test_fleet_gps_history.TestFleetGPSHistoryAuth" name="test_history_requires_auth" time="0.113" /><testcase classname="backend.tests.test_fleet_gps_history.TestFleetGPSHistoryAuth" name="test_history_days_requires_auth" time="0.115" /><testcase classname="backend.tests.test_fleet_gps_history.TestFleetGPSHistoryAuth" name="test_devices_requires_auth" time="0.115" /><testcase classname="backend.tests.test_fleet_gps_history.TestFleetGPSHistoryDataValidation" name="test_history_with_real_data_date" time="0.158" /><testcase classname="backend.tests.test_fleet_gps_history.TestFleetGPSHistoryDataValidation" name="test_history_with_second_data_date" time="0.140" /><testcase classname="backend.tests.test_fleet_gps_history.TestFleetGPSHistoryDataValidation" name="test_history_positions_have_valid_coordinates" time="0.142" /><testcase classname="backend.tests.test_fleet_gps_history.TestFleetGPSHistoryDataValidation" name="test_history_positions_have_speed_data" time="0.123" /></testsuite></testsuites>