<?xml version="1.0" encoding="utf-8"?><testsuites name="pytest tests"><testsuite name="pytest" errors="0" failures="0" skipped="0" tests="9" time="6.954" timestamp="2026-03-17T17:14:45.846869+00:00" hostname="agent-env-e6c63f14-f2f4-4854-9f83-1accb878dc54"><testcase classname="backend.tests.test_fleet_portal.TestFleetAuthentication" name="test_fleet_login_success" time="1.114" /><testcase classname="backend.tests.test_fleet_portal.TestFleetAuthentication" name="test_fleet_login_invalid_credentials" time="0.774" /><testcase classname="backend.tests.test_fleet_portal.TestFleetAuthentication" name="test_fleet_login_missing_fields" time="0.156" /><testcase classname="backend.tests.test_fleet_portal.TestFleetDriversAPI" name="test_fleet_drivers_list" time="1.398" /><testcase classname="backend.tests.test_fleet_portal.TestFleetDriversAPI" name="test_fleet_drivers_unauthorized" time="0.162" /><testcase classname="backend.tests.test_fleet_portal.TestFleetVehiclesAPI" name="test_fleet_vehicles_list" time="1.315" /><testcase classname="backend.tests.test_fleet_portal.TestFleetVehiclesAPI" name="test_fleet_vehicles_unauthorized" time="0.154" /><testcase classname="backend.tests.test_fleet_portal.TestFleetCompanyProfile" name="test_fleet_company_profile" time="1.554" /><testcase classname="backend.tests.test_fleet_portal.TestFleetCompanyProfile" name="test_fleet_profile_unauthorized" time="0.150" /></testsuite></testsuites>