<?xml version="1.0" encoding="utf-8"?><testsuites name="pytest tests"><testsuite name="pytest" errors="0" failures="0" skipped="0" tests="10" time="4.754" timestamp="2026-03-22T02:13:46.726711+00:00" hostname="agent-env-a7aacbf5-a15f-4dc4-9707-245dd2e006ca"><testcase classname="tests.test_gps_websocket.TestGPSAdminWebSocket" name="test_admin_login_returns_token" time="0.381" /><testcase classname="tests.test_gps_websocket.TestGPSAdminWebSocket" name="test_admin_ws_initial_data" time="0.534" /><testcase classname="tests.test_gps_websocket.TestGPSAdminWebSocket" name="test_admin_ws_ping_pong" time="0.570" /><testcase classname="tests.test_gps_websocket.TestGPSAdminWebSocket" name="test_admin_ws_invalid_token_rejected" time="0.155" /><testcase classname="tests.test_gps_websocket.TestFleetGPSWebSocket" name="test_fleet_login_returns_token" time="0.539" /><testcase classname="tests.test_gps_websocket.TestFleetGPSWebSocket" name="test_fleet_ws_initial_data" time="0.695" /><testcase classname="tests.test_gps_websocket.TestFleetGPSWebSocket" name="test_fleet_ws_ping_pong" time="0.721" /><testcase classname="tests.test_gps_websocket.TestFleetGPSWebSocket" name="test_fleet_ws_no_token_rejected" time="0.183" /><testcase classname="tests.test_gps_websocket.TestGPSPositionsAPI" name="test_admin_positions_endpoint" time="0.469" /><testcase classname="tests.test_gps_websocket.TestGPSPositionsAPI" name="test_admin_stats_endpoint" time="0.443" /></testsuite></testsuites>