<?xml version="1.0" encoding="utf-8"?><testsuites name="pytest tests"><testsuite name="pytest" errors="0" failures="0" skipped="0" tests="20" time="8.113" timestamp="2026-03-22T01:13:21.029449+00:00" hostname="agent-env-a7aacbf5-a15f-4dc4-9707-245dd2e006ca"><testcase classname="backend.tests.test_gps_admin.TestGpsAdminAuth" name="test_login_success" time="0.585" /><testcase classname="backend.tests.test_gps_admin.TestGpsAdminAuth" name="test_login_invalid_credentials" time="0.153" /><testcase classname="backend.tests.test_gps_admin.TestGpsAdminAuth" name="test_auth_me_with_token" time="0.469" /><testcase classname="backend.tests.test_gps_admin.TestGpsAdminAuth" name="test_auth_me_without_token" time="0.100" /><testcase classname="backend.tests.test_gps_admin.TestGpsAdminStats" name="test_get_stats" time="0.459" /><testcase classname="backend.tests.test_gps_admin.TestGpsAdminStats" name="test_stats_without_auth" time="0.103" /><testcase classname="backend.tests.test_gps_admin.TestGpsAdminCompanies" name="test_list_companies" time="0.483" /><testcase classname="backend.tests.test_gps_admin.TestGpsAdminCompanies" name="test_create_company" time="0.402" /><testcase classname="backend.tests.test_gps_admin.TestGpsAdminCompanies" name="test_create_duplicate_company" time="0.345" /><testcase classname="backend.tests.test_gps_admin.TestGpsAdminCompanies" name="test_update_company" time="0.332" /><testcase classname="backend.tests.test_gps_admin.TestGpsAdminCompanies" name="test_delete_company" time="0.330" /><testcase classname="backend.tests.test_gps_admin.TestGpsAdminDevices" name="test_list_devices" time="0.491" /><testcase classname="backend.tests.test_gps_admin.TestGpsAdminDevices" name="test_create_device" time="0.348" /><testcase classname="backend.tests.test_gps_admin.TestGpsAdminDevices" name="test_create_duplicate_device" time="0.630" /><testcase classname="backend.tests.test_gps_admin.TestGpsAdminDevices" name="test_update_device" time="0.346" /><testcase classname="backend.tests.test_gps_admin.TestGpsAdminDevices" name="test_delete_device" time="0.336" /><testcase classname="backend.tests.test_gps_admin.TestGpsAdminAssignment" name="test_assign_device_to_company" time="0.913" /><testcase classname="backend.tests.test_gps_admin.TestGpsAdminAssignment" name="test_unassign_device" time="0.588" /><testcase classname="backend.tests.test_gps_admin.TestGpsAdminPositions" name="test_get_positions" time="0.479" /><testcase classname="backend.tests.test_gps_admin.TestGpsAdminPositions" name="test_positions_without_auth" time="0.094" /></testsuite></testsuites>