<?xml version="1.0" encoding="utf-8"?><testsuites name="pytest tests"><testsuite name="pytest" errors="0" failures="0" skipped="0" tests="12" time="4.206" timestamp="2026-03-16T00:26:33.820459+00:00" hostname="agent-env-e6c63f14-f2f4-4854-9f83-1accb878dc54"><testcase classname="backend.tests.test_hotel_portal.TestHotelAuth" name="test_login_success" time="0.557" /><testcase classname="backend.tests.test_hotel_portal.TestHotelAuth" name="test_login_invalid_password" time="0.364" /><testcase classname="backend.tests.test_hotel_portal.TestHotelAuth" name="test_login_invalid_email" time="0.139" /><testcase classname="backend.tests.test_hotel_portal.TestHotelAuth" name="test_alt_hotel_login" time="0.361" /><testcase classname="backend.tests.test_hotel_portal.TestHotelDashboard" name="test_dashboard_requires_auth" time="0.156" /><testcase classname="backend.tests.test_hotel_portal.TestHotelDashboard" name="test_dashboard_returns_data" time="0.518" /><testcase classname="backend.tests.test_hotel_portal.TestHotelBookings" name="test_bookings_requires_auth" time="0.139" /><testcase classname="backend.tests.test_hotel_portal.TestHotelBookings" name="test_bookings_returns_array" time="0.496" /><testcase classname="backend.tests.test_hotel_portal.TestHotelBookingsExport" name="test_export_requires_auth" time="0.139" /><testcase classname="backend.tests.test_hotel_portal.TestHotelBookingsExport" name="test_export_with_token_query_param" time="0.542" /><testcase classname="backend.tests.test_hotel_portal.TestHotelProfile" name="test_profile_requires_auth" time="0.132" /><testcase classname="backend.tests.test_hotel_portal.TestHotelProfile" name="test_profile_returns_hotel_data" time="0.536" /></testsuite></testsuites>