<?xml version="1.0" encoding="utf-8"?><testsuites name="pytest tests"><testsuite name="pytest" errors="0" failures="0" skipped="0" tests="20" time="6.824" timestamp="2026-03-15T23:23:03.167963+00:00" hostname="agent-env-10f13479-a9fd-4ad4-bce1-a7b890c5c012"><testcase classname="backend.tests.test_hotel_management.TestAdminAuth" name="test_hotels_list_requires_auth" time="0.247" /><testcase classname="backend.tests.test_hotel_management.TestAdminAuth" name="test_dashboard_requires_auth" time="0.216" /><testcase classname="backend.tests.test_hotel_management.TestAdminAuth" name="test_create_hotel_requires_auth" time="0.136" /><testcase classname="backend.tests.test_hotel_management.TestAdminAuth" name="test_bookings_all_requires_auth" time="0.159" /><testcase classname="backend.tests.test_hotel_management.TestAdminAuth" name="test_kiosks_all_requires_auth" time="0.145" /><testcase classname="backend.tests.test_hotel_management.TestHotelsDashboard" name="test_dashboard_returns_stats" time="0.529" /><testcase classname="backend.tests.test_hotel_management.TestHotelsList" name="test_list_hotels_returns_array" time="0.502" /><testcase classname="backend.tests.test_hotel_management.TestHotelsList" name="test_hotels_have_enriched_stats" time="0.143" /><testcase classname="backend.tests.test_hotel_management.TestHotelsList" name="test_hotels_have_required_fields" time="0.135" /><testcase classname="backend.tests.test_hotel_management.TestHotelCRUD" name="test_create_hotel" time="0.675" /><testcase classname="backend.tests.test_hotel_management.TestHotelCRUD" name="test_get_hotel_detail" time="0.383" /><testcase classname="backend.tests.test_hotel_management.TestHotelCRUD" name="test_update_hotel" time="0.345" /><testcase classname="backend.tests.test_hotel_management.TestHotelCRUD" name="test_delete_hotel" time="0.366" /><testcase classname="backend.tests.test_hotel_management.TestHotelCRUD" name="test_get_nonexistent_hotel" time="0.117" /><testcase classname="backend.tests.test_hotel_management.TestKiosks" name="test_create_kiosk_for_hotel" time="0.683" /><testcase classname="backend.tests.test_hotel_management.TestKiosks" name="test_create_kiosk_invalid_hotel" time="0.135" /><testcase classname="backend.tests.test_hotel_management.TestKiosks" name="test_list_all_kiosks" time="0.109" /><testcase classname="backend.tests.test_hotel_management.TestHotelBookings" name="test_list_all_bookings" time="0.516" /><testcase classname="backend.tests.test_hotel_management.TestDemoDataSeed" name="test_seed_endpoint_exists" time="0.515" /><testcase classname="backend.tests.test_hotel_management.TestCleanup" name="test_cleanup_test_hotels" time="0.621" /></testsuite></testsuites>