<?xml version="1.0" encoding="utf-8"?><testsuites name="pytest tests"><testsuite name="pytest" errors="0" failures="0" skipped="0" tests="11" time="5.137" timestamp="2026-03-17T00:27:25.514511+00:00" hostname="agent-env-e6c63f14-f2f4-4854-9f83-1accb878dc54"><testcase classname="backend.tests.test_hotel_invoices.TestAdminInvoiceAPIs" name="test_invoices_summary_endpoint" time="0.445" /><testcase classname="backend.tests.test_hotel_invoices.TestAdminInvoiceAPIs" name="test_invoices_list_endpoint" time="0.398" /><testcase classname="backend.tests.test_hotel_invoices.TestAdminInvoiceAPIs" name="test_invoices_require_auth" time="0.527" /><testcase classname="backend.tests.test_hotel_invoices.TestAdminInvoiceAPIs" name="test_mark_invoice_paid_requires_pending_status" time="0.430" /><testcase classname="backend.tests.test_hotel_invoices.TestAdminInvoiceAPIs" name="test_generate_invoices_duplicate_period" time="0.458" /><testcase classname="backend.tests.test_hotel_invoices.TestHotelInvoiceAPIs" name="test_hotel_invoices_endpoint" time="0.476" /><testcase classname="backend.tests.test_hotel_invoices.TestHotelInvoiceAPIs" name="test_hotel_invoices_require_auth" time="0.496" /><testcase classname="backend.tests.test_hotel_invoices.TestHotelInvoiceAPIs" name="test_hotel_invoice_download_endpoint" time="0.537" /><testcase classname="backend.tests.test_hotel_invoices.TestHotelInvoiceAPIs" name="test_hotel_invoice_download_wrong_hotel" time="0.496" /><testcase classname="backend.tests.test_hotel_invoices.TestInvoicePaymentFlow" name="test_find_pending_invoice_and_verify_structure" time="0.398" /><testcase classname="backend.tests.test_hotel_invoices.TestInvoicePaymentFlow" name="test_paid_invoice_has_payment_info" time="0.410" /></testsuite></testsuites>