<?xml version="1.0" encoding="utf-8"?><testsuites name="pytest tests"><testsuite name="pytest" errors="0" failures="0" skipped="0" tests="17" time="27.100" timestamp="2026-04-03T16:48:11.115894+00:00" hostname="agent-env-a7aacbf5-a15f-4dc4-9707-245dd2e006ca"><testcase classname="backend.tests.test_kiosk_api.TestKioskHotelInfo" name="test_get_hotel_info_success" time="0.162" /><testcase classname="backend.tests.test_kiosk_api.TestKioskHotelInfo" name="test_hotel_has_6_destinations" time="0.120" /><testcase classname="backend.tests.test_kiosk_api.TestKioskHotelInfo" name="test_destinations_have_required_fields" time="0.116" /><testcase classname="backend.tests.test_kiosk_api.TestKioskHotelInfo" name="test_nonexistent_hotel_returns_404" time="0.117" /><testcase classname="backend.tests.test_kiosk_api.TestKioskPrices" name="test_get_prices_success" time="5.707" /><testcase classname="backend.tests.test_kiosk_api.TestKioskPrices" name="test_prices_have_6_destinations" time="5.584" /><testcase classname="backend.tests.test_kiosk_api.TestKioskPrices" name="test_destinations_have_vehicles" time="6.216" /><testcase classname="backend.tests.test_kiosk_api.TestKioskPrices" name="test_cheapest_is_minimum_price" time="7.775" /><testcase classname="backend.tests.test_kiosk_api.TestKioskPrices" name="test_nonexistent_hotel_prices_returns_404" time="0.133" /><testcase classname="backend.tests.test_kiosk_api.TestKioskBooking" name="test_create_booking_success" time="0.129" /><testcase classname="backend.tests.test_kiosk_api.TestKioskBooking" name="test_booking_has_all_fields" time="0.126" /><testcase classname="backend.tests.test_kiosk_api.TestKioskBooking" name="test_booking_nonexistent_hotel_returns_404" time="0.156" /><testcase classname="backend.tests.test_kiosk_api.TestKioskBookingsList" name="test_get_bookings_success" time="0.118" /><testcase classname="backend.tests.test_kiosk_api.TestKioskBookingsList" name="test_bookings_have_required_fields" time="0.117" /><testcase classname="backend.tests.test_kiosk_api.TestKioskBookingsList" name="test_bookings_sorted_by_created_at_desc" time="0.187" /><testcase classname="backend.tests.test_kiosk_api.TestKioskBookingsList" name="test_bookings_limit_parameter" time="0.099" /><testcase classname="backend.tests.test_kiosk_api.TestKioskCleanup" name="test_cleanup_test_bookings" time="0.122" /></testsuite></testsuites>