<?xml version="1.0" encoding="utf-8"?><testsuites name="pytest tests"><testsuite name="pytest" errors="0" failures="0" skipped="0" tests="17" time="5.683" timestamp="2026-03-15T23:50:21.422549+00:00" hostname="agent-env-10f13479-a9fd-4ad4-bce1-a7b890c5c012"><testcase classname="backend.tests.test_kiosks_bookings_phase2.TestKiosksListAll" name="test_kiosks_all_returns_list" time="0.660" /><testcase classname="backend.tests.test_kiosks_bookings_phase2.TestKiosksListAll" name="test_kiosks_have_hotel_name" time="0.155" /><testcase classname="backend.tests.test_kiosks_bookings_phase2.TestKiosksListAll" name="test_kiosks_have_correct_status_values" time="0.169" /><testcase classname="backend.tests.test_kiosks_bookings_phase2.TestKioskCreate" name="test_create_kiosk_success" time="0.552" /><testcase classname="backend.tests.test_kiosks_bookings_phase2.TestKioskCreate" name="test_create_kiosk_with_empty_name" time="0.526" /><testcase classname="backend.tests.test_kiosks_bookings_phase2.TestKioskCreate" name="test_create_kiosk_invalid_hotel" time="0.108" /><testcase classname="backend.tests.test_kiosks_bookings_phase2.TestKioskStatusToggle" name="test_toggle_kiosk_to_offline" time="0.719" /><testcase classname="backend.tests.test_kiosks_bookings_phase2.TestKioskStatusToggle" name="test_toggle_kiosk_to_online" time="0.866" /><testcase classname="backend.tests.test_kiosks_bookings_phase2.TestKioskStatusToggle" name="test_toggle_nonexistent_kiosk" time="0.111" /><testcase classname="backend.tests.test_kiosks_bookings_phase2.TestKioskDelete" name="test_delete_kiosk_success" time="0.640" /><testcase classname="backend.tests.test_kiosks_bookings_phase2.TestKioskDelete" name="test_delete_nonexistent_kiosk" time="0.115" /><testcase classname="backend.tests.test_kiosks_bookings_phase2.TestBookingsAll" name="test_bookings_all_returns_list" time="0.123" /><testcase classname="backend.tests.test_kiosks_bookings_phase2.TestBookingsAll" name="test_bookings_have_hotel_name" time="0.124" /><testcase classname="backend.tests.test_kiosks_bookings_phase2.TestBookingsAll" name="test_bookings_have_commission_calculations" time="0.112" /><testcase classname="backend.tests.test_kiosks_bookings_phase2.TestBookingsAll" name="test_bookings_have_required_fields" time="0.163" /><testcase classname="backend.tests.test_kiosks_bookings_phase2.TestBookingsAll" name="test_bookings_have_valid_status" time="0.247" /><testcase classname="backend.tests.test_kiosks_bookings_phase2.TestCleanupPhase2" name="test_cleanup_test_data" time="0.221" /></testsuite></testsuites>