<?xml version="1.0" encoding="utf-8"?><testsuites name="pytest tests"><testsuite name="pytest" errors="0" failures="0" skipped="0" tests="8" time="6.521" timestamp="2026-03-15T21:10:07.672939+00:00" hostname="agent-env-10f13479-a9fd-4ad4-bce1-a7b890c5c012"><testcase classname="backend.tests.test_myaccount_redesign_regression.TestAuthRegression" name="test_login_returns_user_info" time="1.009" /><testcase classname="backend.tests.test_myaccount_redesign_regression.TestClientCardsRegression" name="test_get_cards_returns_list" time="2.140" /><testcase classname="backend.tests.test_myaccount_redesign_regression.TestClientCardsRegression" name="test_get_cards_has_visa_5377" time="0.597" /><testcase classname="backend.tests.test_myaccount_redesign_regression.TestClientCardsRegression" name="test_cards_requires_auth" time="0.129" /><testcase classname="backend.tests.test_myaccount_redesign_regression.TestBookingCancelRegression" name="test_cancel_requires_auth" time="0.114" /><testcase classname="backend.tests.test_myaccount_redesign_regression.TestBookingCancelRegression" name="test_cancel_nonexistent_booking" time="1.129" /><testcase classname="backend.tests.test_myaccount_redesign_regression.TestProfileRegression" name="test_get_profile" time="1.152" /><testcase classname="backend.tests.test_myaccount_redesign_regression.TestProfileRegression" name="test_profile_requires_auth" time="0.163" /></testsuite></testsuites>