<?xml version="1.0" encoding="utf-8"?><testsuites name="pytest tests"><testsuite name="pytest" errors="0" failures="0" skipped="0" tests="12" time="3.256" timestamp="2026-03-12T20:15:54.322242+00:00" hostname="agent-env-93146bc0-8636-4523-b038-aae61c6bbf7d"><testcase classname="backend.tests.test_new_partner_features.TestRouteCalculation" name="test_calculate_route_success" time="0.757" /><testcase classname="backend.tests.test_new_partner_features.TestRouteCalculation" name="test_calculate_route_invalid_addresses" time="0.213" /><testcase classname="backend.tests.test_new_partner_features.TestRouteCalculation" name="test_calculate_route_requires_auth" time="0.078" /><testcase classname="backend.tests.test_new_partner_features.TestAvailableRides" name="test_get_available_rides" time="0.074" /><testcase classname="backend.tests.test_new_partner_features.TestAvailableRides" name="test_available_rides_excludes_own_rides" time="0.180" /><testcase classname="backend.tests.test_new_partner_features.TestAvailableRides" name="test_available_rides_requires_auth" time="0.083" /><testcase classname="backend.tests.test_new_partner_features.TestRideDetail" name="test_get_ride_detail" time="0.169" /><testcase classname="backend.tests.test_new_partner_features.TestRideDetail" name="test_get_ride_detail_not_found" time="0.091" /><testcase classname="backend.tests.test_new_partner_features.TestStripePaymentCard" name="test_get_my_card_status" time="0.073" /><testcase classname="backend.tests.test_new_partner_features.TestStripePaymentCard" name="test_add_card_creates_checkout_session" time="0.562" /><testcase classname="backend.tests.test_new_partner_features.TestStripePaymentCard" name="test_check_card_status_by_session" time="0.686" /><testcase classname="backend.tests.test_new_partner_features.TestStripePaymentCard" name="test_payment_endpoints_require_auth" time="0.221" /></testsuite></testsuites>