<?xml version="1.0" encoding="utf-8"?><testsuites name="pytest tests"><testsuite name="pytest" errors="0" failures="0" skipped="0" tests="27" time="9.243" timestamp="2026-03-13T21:59:38.891284+00:00" hostname="agent-env-d061f575-8e7e-44b4-a8db-5d08a9495018"><testcase classname="backend.tests.test_partner_api.TestPartnerAuth" name="test_partner_login_success" time="0.699" /><testcase classname="backend.tests.test_partner_api.TestPartnerAuth" name="test_partner_login_invalid_credentials" time="0.058" /><testcase classname="backend.tests.test_partner_api.TestPartnerAuth" name="test_partner_login_empty_credentials" time="0.086" /><testcase classname="backend.tests.test_partner_api.TestPartnerAuth" name="test_partner_me_endpoint" time="0.629" /><testcase classname="backend.tests.test_partner_api.TestVehicleCategories" name="test_get_vehicle_categories" time="0.284" /><testcase classname="backend.tests.test_partner_api.TestVehicleCategories" name="test_vehicle_categories_requires_auth" time="0.055" /><testcase classname="backend.tests.test_partner_api.TestPartnerRides" name="test_create_ride" time="0.061" /><testcase classname="backend.tests.test_partner_api.TestPartnerRides" name="test_list_partner_rides" time="0.059" /><testcase classname="backend.tests.test_partner_api.TestPartnerRides" name="test_rides_requires_auth" time="0.063" /><testcase classname="backend.tests.test_partner_api.TestAdminPartners" name="test_admin_list_partners" time="0.366" /><testcase classname="backend.tests.test_partner_api.TestAdminPartners" name="test_admin_create_partner" time="0.927" /><testcase classname="backend.tests.test_partner_api.TestAdminPartners" name="test_admin_create_partner_duplicate_email" time="0.057" /><testcase classname="backend.tests.test_partner_api.TestAdminPartners" name="test_admin_update_and_delete_partner" time="1.171" /><testcase classname="backend.tests.test_partner_api.TestAdminRides" name="test_admin_list_rides" time="0.065" /><testcase classname="backend.tests.test_partner_api.TestAdminRides" name="test_admin_update_ride_status" time="0.196" /><testcase classname="backend.tests.test_partner_api.TestAdminRides" name="test_admin_rides_requires_admin_token" time="0.073" /><testcase classname="backend.tests.test_partner_api.TestCleanup" name="test_cleanup_test_rides" time="0.059" /><testcase classname="backend.tests.test_partner_extended.TestRouteCalculation" name="test_calculate_route_success" time="0.920" /><testcase classname="backend.tests.test_partner_extended.TestRouteCalculation" name="test_calculate_route_invalid_addresses" time="0.137" /><testcase classname="backend.tests.test_partner_extended.TestRouteCalculation" name="test_calculate_route_requires_auth" time="0.066" /><testcase classname="backend.tests.test_partner_extended.TestSetupIntent" name="test_setup_intent_requires_auth" time="0.072" /><testcase classname="backend.tests.test_partner_extended.TestSetupIntent" name="test_setup_intent_with_csharp_token" time="0.664" /><testcase classname="backend.tests.test_partner_extended.TestPartnerLoginWithCsharpToken" name="test_login_returns_csharp_token" time="0.730" /><testcase classname="backend.tests.test_partner_extended.TestPartnerCreationWithCsharp" name="test_create_partner_attempts_csharp_registration" time="1.220" /><testcase classname="backend.tests.test_partner_extended.TestAvailableRides" name="test_available_rides_returns_other_partners_rides" time="0.064" /><testcase classname="backend.tests.test_partner_extended.TestAvailableRides" name="test_available_rides_requires_auth" time="0.061" /><testcase classname="backend.tests.test_partner_extended.TestRideWithSubmittedCsharpStatus" name="test_create_ride_with_card_submits_to_csharp" time="0.336" /></testsuite></testsuites>