<?xml version="1.0" encoding="utf-8"?><testsuites name="pytest tests"><testsuite name="pytest" errors="0" failures="0" skipped="0" tests="17" time="3.575" timestamp="2026-03-12T19:48:44.601548+00:00" hostname="agent-env-93146bc0-8636-4523-b038-aae61c6bbf7d"><testcase classname="backend.tests.test_partner_api.TestPartnerAuth" name="test_partner_login_success" time="0.500" /><testcase classname="backend.tests.test_partner_api.TestPartnerAuth" name="test_partner_login_invalid_credentials" time="0.077" /><testcase classname="backend.tests.test_partner_api.TestPartnerAuth" name="test_partner_login_empty_credentials" time="0.066" /><testcase classname="backend.tests.test_partner_api.TestPartnerAuth" name="test_partner_me_endpoint" time="0.356" /><testcase classname="backend.tests.test_partner_api.TestVehicleCategories" name="test_get_vehicle_categories" time="0.434" /><testcase classname="backend.tests.test_partner_api.TestVehicleCategories" name="test_vehicle_categories_requires_auth" time="0.119" /><testcase classname="backend.tests.test_partner_api.TestPartnerRides" name="test_create_ride" time="0.065" /><testcase classname="backend.tests.test_partner_api.TestPartnerRides" name="test_list_partner_rides" time="0.067" /><testcase classname="backend.tests.test_partner_api.TestPartnerRides" name="test_rides_requires_auth" time="0.052" /><testcase classname="backend.tests.test_partner_api.TestAdminPartners" name="test_admin_list_partners" time="0.390" /><testcase classname="backend.tests.test_partner_api.TestAdminPartners" name="test_admin_create_partner" time="0.289" /><testcase classname="backend.tests.test_partner_api.TestAdminPartners" name="test_admin_create_partner_duplicate_email" time="0.146" /><testcase classname="backend.tests.test_partner_api.TestAdminPartners" name="test_admin_update_and_delete_partner" time="0.528" /><testcase classname="backend.tests.test_partner_api.TestAdminRides" name="test_admin_list_rides" time="0.066" /><testcase classname="backend.tests.test_partner_api.TestAdminRides" name="test_admin_update_ride_status" time="0.167" /><testcase classname="backend.tests.test_partner_api.TestAdminRides" name="test_admin_rides_requires_admin_token" time="0.065" /><testcase classname="backend.tests.test_partner_api.TestCleanup" name="test_cleanup_test_rides" time="0.058" /></testsuite></testsuites>