<?xml version="1.0" encoding="utf-8"?><testsuites name="pytest tests"><testsuite name="pytest" errors="0" failures="0" skipped="0" tests="13" time="2.893" timestamp="2026-03-27T17:32:31.879774+00:00" hostname="agent-env-a7aacbf5-a15f-4dc4-9707-245dd2e006ca"><testcase classname="backend.tests.test_promo_api.TestPromoGenerate" name="test_generate_promo_with_valid_email" time="0.132" /><testcase classname="backend.tests.test_promo_api.TestPromoGenerate" name="test_generate_promo_same_email_returns_existing" time="0.218" /><testcase classname="backend.tests.test_promo_api.TestPromoGenerate" name="test_generate_promo_invalid_email" time="0.126" /><testcase classname="backend.tests.test_promo_api.TestPromoGenerate" name="test_generate_promo_empty_email" time="0.119" /><testcase classname="backend.tests.test_promo_api.TestPromoValidate" name="test_validate_valid_code" time="0.247" /><testcase classname="backend.tests.test_promo_api.TestPromoValidate" name="test_validate_invalid_code" time="0.106" /><testcase classname="backend.tests.test_promo_api.TestPromoValidate" name="test_validate_code_case_insensitive" time="0.250" /><testcase classname="backend.tests.test_promo_api.TestPromoMarkUsed" name="test_mark_code_as_used" time="0.400" /><testcase classname="backend.tests.test_promo_api.TestPromoMarkUsed" name="test_mark_nonexistent_code" time="0.104" /><testcase classname="backend.tests.test_promo_api.TestPromoAdminEmails" name="test_admin_emails_with_auth" time="0.456" /><testcase classname="backend.tests.test_promo_api.TestPromoAdminEmails" name="test_admin_emails_without_auth" time="0.116" /><testcase classname="backend.tests.test_promo_api.TestPromoAdminEmails" name="test_admin_emails_invalid_token" time="0.119" /><testcase classname="backend.tests.test_promo_api.TestPromoIntegration" name="test_full_promo_flow" time="0.443" /></testsuite></testsuites>