<?xml version="1.0" encoding="utf-8"?><testsuites name="pytest tests"><testsuite name="pytest" errors="0" failures="0" skipped="0" tests="11" time="8.002" timestamp="2026-03-12T10:56:18.648483+00:00" hostname="agent-env-7b7296ad-b805-4481-8dd1-e60347976f8f"><testcase classname="tests.test_proxy_api.TestProxyDistance" name="test_distance_valid_coordinates" time="1.376" /><testcase classname="tests.test_proxy_api.TestProxyDistance" name="test_distance_short_route" time="1.029" /><testcase classname="tests.test_proxy_api.TestProxyDistance" name="test_distance_invalid_coordinates" time="0.328" /><testcase classname="tests.test_proxy_api.TestProxyPreorderDistance" name="test_preorder_distance_valid_coordinates" time="0.999" /><testcase classname="tests.test_proxy_api.TestProxyPreorderDistance" name="test_preorder_returns_vehicle_details" time="0.969" /><testcase classname="tests.test_proxy_api.TestProxyTripTypes" name="test_trip_types_returns_list" time="0.371" /><testcase classname="tests.test_proxy_api.TestProxyVehicleImage" name="test_vehicle_image_with_valid_path" time="1.633" /><testcase classname="tests.test_proxy_api.TestProxyVehicleImage" name="test_vehicle_image_invalid_path" time="0.343" /><testcase classname="tests.test_proxy_api.TestProxyDriverTypes" name="test_driver_types_near_cdg" time="0.578" /><testcase classname="tests.test_proxy_api.TestHealthCheck" name="test_backend_is_accessible" time="0.152" /><testcase classname="tests.test_proxy_api.TestHealthCheck" name="test_proxy_endpoints_exist" time="0.102" /></testsuite></testsuites>