<?xml version="1.0" encoding="utf-8"?><testsuites name="pytest tests"><testsuite name="pytest" errors="0" failures="0" skipped="0" tests="10" time="18.526" timestamp="2026-03-27T12:05:33.510273+00:00" hostname="agent-env-a7aacbf5-a15f-4dc4-9707-245dd2e006ca"><testcase classname="tests.test_proxy_api.TestProxyAPI" name="test_api_root" time="0.136" /><testcase classname="tests.test_proxy_api.TestProxyAPI" name="test_preorder_distance_valid_coords" time="3.618" /><testcase classname="tests.test_proxy_api.TestProxyAPI" name="test_preorder_distance_orly_coords" time="3.648" /><testcase classname="tests.test_proxy_api.TestProxyAPI" name="test_preorder_distance_disneyland_coords" time="5.627" /><testcase classname="tests.test_proxy_api.TestProxyAPI" name="test_preorder_distance_invalid_payload" time="2.087" /><testcase classname="tests.test_proxy_api.TestProxyAPI" name="test_trip_types_endpoint" time="2.894" /><testcase classname="tests.test_proxy_api.TestPublicCMS" name="test_trust_blocks" time="0.108" /><testcase classname="tests.test_proxy_api.TestPublicCMS" name="test_homepage_content" time="0.127" /><testcase classname="tests.test_proxy_api.TestStatusEndpoint" name="test_get_status" time="0.110" /><testcase classname="tests.test_proxy_api.TestStatusEndpoint" name="test_create_status" time="0.112" /></testsuite></testsuites>