<?xml version="1.0" encoding="utf-8"?><testsuites name="pytest tests"><testsuite name="pytest" errors="0" failures="0" skipped="0" tests="6" time="1.479" timestamp="2026-03-11T18:34:17.687778+00:00" hostname="agent-env-66ba4b22-4fc6-46d6-9ce4-a7ad249e94ce"><testcase classname="backend.tests.test_leads_api.TestLeadsAPI" name="test_get_leads_returns_list" time="0.244" /><testcase classname="backend.tests.test_leads_api.TestLeadsAPI" name="test_create_lead_success" time="0.258" /><testcase classname="backend.tests.test_leads_api.TestLeadsAPI" name="test_create_lead_minimal_fields" time="0.123" /><testcase classname="backend.tests.test_leads_api.TestLeadsAPI" name="test_create_lead_missing_required_field" time="0.149" /><testcase classname="backend.tests.test_leads_api.TestLeadsAPI" name="test_create_lead_from_different_source_pages" time="0.394" /><testcase classname="backend.tests.test_leads_api.TestAPIHealth" name="test_root_endpoint" time="0.125" /></testsuite></testsuites>