<?xml version="1.0" encoding="utf-8"?><testsuites name="pytest tests"><testsuite name="pytest" errors="0" failures="1" skipped="0" tests="14" time="17.696" timestamp="2026-04-19T19:47:35.479844+00:00" hostname="agent-env-a7aacbf5-a15f-4dc4-9707-245dd2e006ca"><testcase classname="backend.tests.test_xhr_conversion.TestAuthServiceXHR" name="test_login_success" time="1.018" /><testcase classname="backend.tests.test_xhr_conversion.TestAuthServiceXHR" name="test_login_invalid_credentials" time="0.424" /><testcase classname="backend.tests.test_xhr_conversion.TestAuthServiceXHR" name="test_forgot_password_endpoint" time="2.453" /><testcase classname="backend.tests.test_xhr_conversion.TestCheckoutXHR" name="test_setup_intent_requires_auth" time="0.118" /><testcase classname="backend.tests.test_xhr_conversion.TestCheckoutXHR" name="test_setup_intent_with_auth" time="2.111" /><testcase classname="backend.tests.test_xhr_conversion.TestCheckoutXHR" name="test_client_cards_requires_auth" time="0.111" /><testcase classname="backend.tests.test_xhr_conversion.TestCheckoutXHR" name="test_client_cards_with_auth" time="1.756" /><testcase classname="backend.tests.test_xhr_conversion.TestCheckoutXHR" name="test_client_profile_requires_auth" time="0.126" /><testcase classname="backend.tests.test_xhr_conversion.TestCheckoutXHR" name="test_client_profile_with_auth" time="1.176" /><testcase classname="backend.tests.test_xhr_conversion.TestKioskAPI" name="test_kiosk_hotel_exists" time="0.120" /><testcase classname="backend.tests.test_xhr_conversion.TestKioskAPI" name="test_kiosk_prices" time="5.021" /><testcase classname="backend.tests.test_xhr_conversion.TestKioskAPI" name="test_kiosk_custom_price" time="1.346" /><testcase classname="backend.tests.test_xhr_conversion.TestTransferServiceXHR" name="test_booking_create_requires_auth" time="0.094"><failure message="AssertionError: Expected 401, got 422&#10;assert 422 == 401&#10; +  where 422 = &lt;Response [422]&gt;.status_code">backend/tests/test_xhr_conversion.py:218: in test_booking_create_requires_auth
    assert response.status_code == 401, f"Expected 401, got {response.status_code}"
E   AssertionError: Expected 401, got 422
E   assert 422 == 401
E    +  where 422 = &lt;Response [422]&gt;.status_code</failure></testcase><testcase classname="backend.tests.test_xhr_conversion.TestTransferServiceXHR" name="test_booking_create_validates_payload" time="1.741" /></testsuite></testsuites>